{"/mnt/c/Users/Luka/Desktop/find-job-app/server/src/app.ts": {"path":"/mnt/c/Users/Luka/Desktop/find-job-app/server/src/app.ts","all":false,"statementMap":{"0":{"start":{"line":1,"column":0},"end":{"line":1,"column":29}},"1":{"start":{"line":2,"column":0},"end":{"line":2,"column":43}},"2":{"start":{"line":3,"column":0},"end":{"line":3,"column":67}},"3":{"start":{"line":4,"column":0},"end":{"line":4,"column":59}},"4":{"start":{"line":5,"column":0},"end":{"line":5,"column":38}},"5":{"start":{"line":6,"column":0},"end":{"line":6,"column":38}},"6":{"start":{"line":7,"column":0},"end":{"line":7,"column":36}},"7":{"start":{"line":8,"column":0},"end":{"line":8,"column":71}},"8":{"start":{"line":9,"column":0},"end":{"line":9,"column":37}},"9":{"start":{"line":10,"column":0},"end":{"line":10,"column":23}},"11":{"start":{"line":12,"column":0},"end":{"line":12,"column":21}},"13":{"start":{"line":14,"column":0},"end":{"line":14,"column":23}},"15":{"start":{"line":16,"column":0},"end":{"line":16,"column":8}},"16":{"start":{"line":17,"column":0},"end":{"line":17,"column":8}},"17":{"start":{"line":18,"column":0},"end":{"line":18,"column":36}},"18":{"start":{"line":19,"column":0},"end":{"line":19,"column":4}},"19":{"start":{"line":20,"column":0},"end":{"line":20,"column":1}},"21":{"start":{"line":22,"column":0},"end":{"line":22,"column":35}},"22":{"start":{"line":23,"column":0},"end":{"line":23,"column":53}},"24":{"start":{"line":25,"column":0},"end":{"line":25,"column":36}},"25":{"start":{"line":26,"column":0},"end":{"line":26,"column":22}},"26":{"start":{"line":27,"column":0},"end":{"line":27,"column":2}},"28":{"start":{"line":29,"column":0},"end":{"line":29,"column":27}},"29":{"start":{"line":30,"column":0},"end":{"line":30,"column":31}},"31":{"start":{"line":32,"column":0},"end":{"line":32,"column":37}},"33":{"start":{"line":34,"column":0},"end":{"line":34,"column":27}},"34":{"start":{"line":35,"column":0},"end":{"line":35,"column":7}},"35":{"start":{"line":36,"column":0},"end":{"line":36,"column":30}},"36":{"start":{"line":37,"column":0},"end":{"line":37,"column":26}},"37":{"start":{"line":38,"column":0},"end":{"line":38,"column":73}},"38":{"start":{"line":39,"column":0},"end":{"line":39,"column":5}},"39":{"start":{"line":40,"column":0},"end":{"line":40,"column":19}},"40":{"start":{"line":41,"column":0},"end":{"line":41,"column":22}},"41":{"start":{"line":42,"column":0},"end":{"line":42,"column":3}},"42":{"start":{"line":43,"column":0},"end":{"line":43,"column":1}},"44":{"start":{"line":45,"column":0},"end":{"line":45,"column":7}},"46":{"start":{"line":47,"column":0},"end":{"line":47,"column":18}}},"s":{"0":1,"1":1,"2":1,"3":1,"4":1,"5":1,"6":1,"7":1,"8":1,"9":1,"11":1,"13":1,"15":1,"16":1,"17":1,"18":1,"19":1,"21":1,"22":1,"24":1,"25":1,"26":1,"28":1,"29":1,"31":1,"33":1,"34":4,"35":4,"36":0,"37":0,"38":0,"39":0,"40":0,"41":0,"42":4,"44":1,"46":1},"branchMap":{"0":{"type":"branch","line":32,"loc":{"start":{"line":32,"column":25},"end":{"line":32,"column":37}},"locations":[{"start":{"line":32,"column":25},"end":{"line":32,"column":37}}]},"1":{"type":"branch","line":25,"loc":{"start":{"line":25,"column":13},"end":{"line":27,"column":2}},"locations":[{"start":{"line":25,"column":13},"end":{"line":27,"column":2}}]},"2":{"type":"branch","line":34,"loc":{"start":{"line":34,"column":14},"end":{"line":43,"column":1}},"locations":[{"start":{"line":34,"column":14},"end":{"line":43,"column":1}}]},"3":{"type":"branch","line":36,"loc":{"start":{"line":36,"column":29},"end":{"line":42,"column":3}},"locations":[{"start":{"line":36,"column":29},"end":{"line":42,"column":3}}]}},"b":{"0":[0],"1":[1],"2":[4],"3":[0]},"fnMap":{"0":{"name":"start","decl":{"start":{"line":34,"column":14},"end":{"line":43,"column":1}},"loc":{"start":{"line":34,"column":14},"end":{"line":43,"column":1}},"line":34}},"f":{"0":4}}
,"/mnt/c/Users/Luka/Desktop/find-job-app/server/src/populate.ts": {"path":"/mnt/c/Users/Luka/Desktop/find-job-app/server/src/populate.ts","all":true,"statementMap":{"0":{"start":{"line":1,"column":0},"end":{"line":1,"column":39}},"1":{"start":{"line":2,"column":0},"end":{"line":2,"column":30}},"2":{"start":{"line":3,"column":0},"end":{"line":3,"column":36}},"3":{"start":{"line":4,"column":0},"end":{"line":4,"column":37}},"5":{"start":{"line":6,"column":0},"end":{"line":6,"column":27}},"6":{"start":{"line":7,"column":0},"end":{"line":7,"column":7}},"7":{"start":{"line":8,"column":0},"end":{"line":8,"column":30}},"8":{"start":{"line":9,"column":0},"end":{"line":9,"column":30}},"9":{"start":{"line":10,"column":0},"end":{"line":10,"column":34}},"10":{"start":{"line":11,"column":0},"end":{"line":11,"column":19}},"11":{"start":{"line":12,"column":0},"end":{"line":12,"column":19}},"12":{"start":{"line":13,"column":0},"end":{"line":13,"column":22}},"13":{"start":{"line":14,"column":0},"end":{"line":14,"column":19}},"14":{"start":{"line":15,"column":0},"end":{"line":15,"column":3}},"15":{"start":{"line":16,"column":0},"end":{"line":16,"column":1}},"17":{"start":{"line":18,"column":0},"end":{"line":18,"column":7}}},"s":{"0":0,"1":0,"2":0,"3":0,"5":0,"6":0,"7":0,"8":0,"9":0,"10":0,"11":0,"12":0,"13":0,"14":0,"15":0,"17":0},"branchMap":{"0":{"type":"branch","line":1,"loc":{"start":{"line":1,"column":377},"end":{"line":18,"column":7}},"locations":[{"start":{"line":1,"column":377},"end":{"line":18,"column":7}}]}},"b":{"0":[0]},"fnMap":{"0":{"name":"(empty-report)","decl":{"start":{"line":1,"column":377},"end":{"line":18,"column":7}},"loc":{"start":{"line":1,"column":377},"end":{"line":18,"column":7}},"line":1}},"f":{"0":0}}
,"/mnt/c/Users/Luka/Desktop/find-job-app/server/src/controllers/auth.ts": {"path":"/mnt/c/Users/Luka/Desktop/find-job-app/server/src/controllers/auth.ts","all":false,"statementMap":{"0":{"start":{"line":1,"column":0},"end":{"line":1,"column":43}},"1":{"start":{"line":2,"column":0},"end":{"line":2,"column":33}},"2":{"start":{"line":3,"column":0},"end":{"line":3,"column":43}},"3":{"start":{"line":4,"column":0},"end":{"line":4,"column":74}},"5":{"start":{"line":6,"column":0},"end":{"line":6,"column":57}},"6":{"start":{"line":7,"column":0},"end":{"line":7,"column":49}},"7":{"start":{"line":8,"column":0},"end":{"line":8,"column":32}},"8":{"start":{"line":9,"column":0},"end":{"line":9,"column":40}},"9":{"start":{"line":10,"column":0},"end":{"line":10,"column":11}},"10":{"start":{"line":11,"column":0},"end":{"line":11,"column":24}},"11":{"start":{"line":12,"column":0},"end":{"line":12,"column":30}},"12":{"start":{"line":13,"column":0},"end":{"line":13,"column":30}},"13":{"start":{"line":14,"column":0},"end":{"line":14,"column":22}},"14":{"start":{"line":15,"column":0},"end":{"line":15,"column":12}},"15":{"start":{"line":16,"column":0},"end":{"line":16,"column":6}},"16":{"start":{"line":17,"column":0},"end":{"line":17,"column":4}},"17":{"start":{"line":18,"column":0},"end":{"line":18,"column":1}},"19":{"start":{"line":20,"column":0},"end":{"line":20,"column":54}},"20":{"start":{"line":21,"column":0},"end":{"line":21,"column":38}},"22":{"start":{"line":23,"column":0},"end":{"line":23,"column":28}},"23":{"start":{"line":24,"column":0},"end":{"line":24,"column":66}},"24":{"start":{"line":25,"column":0},"end":{"line":25,"column":3}},"26":{"start":{"line":27,"column":0},"end":{"line":27,"column":44}},"28":{"start":{"line":29,"column":0},"end":{"line":29,"column":14}},"29":{"start":{"line":30,"column":0},"end":{"line":30,"column":57}},"30":{"start":{"line":31,"column":0},"end":{"line":31,"column":3}},"31":{"start":{"line":32,"column":0},"end":{"line":32,"column":64}},"33":{"start":{"line":34,"column":0},"end":{"line":34,"column":27}},"34":{"start":{"line":35,"column":0},"end":{"line":35,"column":57}},"35":{"start":{"line":36,"column":0},"end":{"line":36,"column":3}},"36":{"start":{"line":37,"column":0},"end":{"line":37,"column":32}},"38":{"start":{"line":39,"column":0},"end":{"line":39,"column":35}},"39":{"start":{"line":40,"column":0},"end":{"line":40,"column":11}},"40":{"start":{"line":41,"column":0},"end":{"line":41,"column":24}},"41":{"start":{"line":42,"column":0},"end":{"line":42,"column":30}},"42":{"start":{"line":43,"column":0},"end":{"line":43,"column":30}},"43":{"start":{"line":44,"column":0},"end":{"line":44,"column":22}},"44":{"start":{"line":45,"column":0},"end":{"line":45,"column":12}},"45":{"start":{"line":46,"column":0},"end":{"line":46,"column":6}},"46":{"start":{"line":47,"column":0},"end":{"line":47,"column":4}},"47":{"start":{"line":48,"column":0},"end":{"line":48,"column":1}},"49":{"start":{"line":50,"column":0},"end":{"line":50,"column":59}},"50":{"start":{"line":51,"column":0},"end":{"line":51,"column":54}},"52":{"start":{"line":53,"column":0},"end":{"line":53,"column":50}},"53":{"start":{"line":54,"column":0},"end":{"line":54,"column":67}},"54":{"start":{"line":55,"column":0},"end":{"line":55,"column":3}},"56":{"start":{"line":57,"column":0},"end":{"line":57,"column":60}},"58":{"start":{"line":59,"column":0},"end":{"line":59,"column":18}},"59":{"start":{"line":60,"column":0},"end":{"line":60,"column":20}},"60":{"start":{"line":61,"column":0},"end":{"line":61,"column":26}},"61":{"start":{"line":62,"column":0},"end":{"line":62,"column":26}},"63":{"start":{"line":64,"column":0},"end":{"line":64,"column":19}},"65":{"start":{"line":66,"column":0},"end":{"line":66,"column":32}},"67":{"start":{"line":68,"column":0},"end":{"line":68,"column":35}},"68":{"start":{"line":69,"column":0},"end":{"line":69,"column":11}},"69":{"start":{"line":70,"column":0},"end":{"line":70,"column":24}},"70":{"start":{"line":71,"column":0},"end":{"line":71,"column":30}},"71":{"start":{"line":72,"column":0},"end":{"line":72,"column":30}},"72":{"start":{"line":73,"column":0},"end":{"line":73,"column":22}},"73":{"start":{"line":74,"column":0},"end":{"line":74,"column":12}},"74":{"start":{"line":75,"column":0},"end":{"line":75,"column":6}},"75":{"start":{"line":76,"column":0},"end":{"line":76,"column":4}},"76":{"start":{"line":77,"column":0},"end":{"line":77,"column":1}}},"s":{"0":1,"1":1,"2":1,"3":1,"5":1,"6":1,"7":1,"8":1,"9":1,"10":1,"11":1,"12":1,"13":1,"14":1,"15":1,"16":1,"17":1,"19":1,"20":2,"22":2,"23":0,"24":0,"26":2,"28":2,"29":1,"30":1,"31":1,"33":2,"34":0,"35":0,"36":1,"38":1,"39":1,"40":1,"41":1,"42":1,"43":1,"44":1,"45":1,"46":1,"47":1,"49":1,"50":2,"52":2,"53":1,"54":1,"56":1,"58":1,"59":1,"60":1,"61":1,"63":1,"65":1,"67":1,"68":1,"69":1,"70":1,"71":1,"72":1,"73":1,"74":1,"75":1,"76":1},"branchMap":{"0":{"type":"branch","line":6,"loc":{"start":{"line":6,"column":17},"end":{"line":18,"column":1}},"locations":[{"start":{"line":6,"column":17},"end":{"line":18,"column":1}}]},"1":{"type":"branch","line":20,"loc":{"start":{"line":20,"column":14},"end":{"line":48,"column":1}},"locations":[{"start":{"line":20,"column":14},"end":{"line":48,"column":1}}]},"2":{"type":"branch","line":23,"loc":{"start":{"line":23,"column":27},"end":{"line":25,"column":3}},"locations":[{"start":{"line":23,"column":27},"end":{"line":25,"column":3}}]},"3":{"type":"branch","line":29,"loc":{"start":{"line":29,"column":13},"end":{"line":34,"column":26}},"locations":[{"start":{"line":29,"column":13},"end":{"line":34,"column":26}}]},"4":{"type":"branch","line":34,"loc":{"start":{"line":34,"column":26},"end":{"line":36,"column":3}},"locations":[{"start":{"line":34,"column":26},"end":{"line":36,"column":3}}]},"5":{"type":"branch","line":36,"loc":{"start":{"line":36,"column":2},"end":{"line":48,"column":1}},"locations":[{"start":{"line":36,"column":2},"end":{"line":48,"column":1}}]},"6":{"type":"branch","line":50,"loc":{"start":{"line":50,"column":19},"end":{"line":77,"column":1}},"locations":[{"start":{"line":50,"column":19},"end":{"line":77,"column":1}}]},"7":{"type":"branch","line":53,"loc":{"start":{"line":53,"column":16},"end":{"line":53,"column":38}},"locations":[{"start":{"line":53,"column":16},"end":{"line":53,"column":38}}]},"8":{"type":"branch","line":53,"loc":{"start":{"line":53,"column":26},"end":{"line":53,"column":49}},"locations":[{"start":{"line":53,"column":26},"end":{"line":53,"column":49}}]},"9":{"type":"branch","line":53,"loc":{"start":{"line":53,"column":49},"end":{"line":77,"column":1}},"locations":[{"start":{"line":53,"column":49},"end":{"line":77,"column":1}}]}},"b":{"0":[1],"1":[2],"2":[0],"3":[1],"4":[0],"5":[1],"6":[2],"7":[1],"8":[1],"9":[1]},"fnMap":{"0":{"name":"register","decl":{"start":{"line":6,"column":17},"end":{"line":18,"column":1}},"loc":{"start":{"line":6,"column":17},"end":{"line":18,"column":1}},"line":6},"1":{"name":"login","decl":{"start":{"line":20,"column":14},"end":{"line":48,"column":1}},"loc":{"start":{"line":20,"column":14},"end":{"line":48,"column":1}},"line":20},"2":{"name":"updateUser","decl":{"start":{"line":50,"column":19},"end":{"line":77,"column":1}},"loc":{"start":{"line":50,"column":19},"end":{"line":77,"column":1}},"line":50}},"f":{"0":1,"1":2,"2":2}}
,"/mnt/c/Users/Luka/Desktop/find-job-app/server/src/controllers/jobs.ts": {"path":"/mnt/c/Users/Luka/Desktop/find-job-app/server/src/controllers/jobs.ts","all":false,"statementMap":{"0":{"start":{"line":1,"column":0},"end":{"line":1,"column":43}},"1":{"start":{"line":2,"column":0},"end":{"line":2,"column":47}},"2":{"start":{"line":3,"column":0},"end":{"line":3,"column":55}},"3":{"start":{"line":4,"column":0},"end":{"line":4,"column":51}},"4":{"start":{"line":5,"column":0},"end":{"line":5,"column":31}},"5":{"start":{"line":6,"column":0},"end":{"line":6,"column":27}},"6":{"start":{"line":7,"column":0},"end":{"line":7,"column":31}},"15":{"start":{"line":16,"column":0},"end":{"line":16,"column":59}},"16":{"start":{"line":17,"column":0},"end":{"line":17,"column":53}},"18":{"start":{"line":19,"column":0},"end":{"line":19,"column":33}},"20":{"start":{"line":21,"column":0},"end":{"line":21,"column":28}},"21":{"start":{"line":22,"column":0},"end":{"line":22,"column":22}},"22":{"start":{"line":23,"column":0},"end":{"line":23,"column":3}},"24":{"start":{"line":25,"column":0},"end":{"line":25,"column":15}},"25":{"start":{"line":26,"column":0},"end":{"line":26,"column":60}},"26":{"start":{"line":27,"column":0},"end":{"line":27,"column":3}},"28":{"start":{"line":29,"column":0},"end":{"line":29,"column":35}},"29":{"start":{"line":30,"column":0},"end":{"line":30,"column":31}},"30":{"start":{"line":31,"column":0},"end":{"line":31,"column":3}},"32":{"start":{"line":33,"column":0},"end":{"line":33,"column":37}},"33":{"start":{"line":34,"column":0},"end":{"line":34,"column":33}},"34":{"start":{"line":35,"column":0},"end":{"line":35,"column":3}},"36":{"start":{"line":37,"column":0},"end":{"line":37,"column":36}},"38":{"start":{"line":39,"column":0},"end":{"line":39,"column":13}},"39":{"start":{"line":40,"column":0},"end":{"line":40,"column":19}},"40":{"start":{"line":41,"column":0},"end":{"line":41,"column":20}},"41":{"start":{"line":42,"column":0},"end":{"line":42,"column":42}},"42":{"start":{"line":43,"column":0},"end":{"line":43,"column":13}},"43":{"start":{"line":44,"column":0},"end":{"line":44,"column":20}},"44":{"start":{"line":45,"column":0},"end":{"line":45,"column":41}},"45":{"start":{"line":46,"column":0},"end":{"line":46,"column":13}},"46":{"start":{"line":47,"column":0},"end":{"line":47,"column":17}},"47":{"start":{"line":48,"column":0},"end":{"line":48,"column":40}},"48":{"start":{"line":49,"column":0},"end":{"line":49,"column":13}},"49":{"start":{"line":50,"column":0},"end":{"line":50,"column":17}},"50":{"start":{"line":51,"column":0},"end":{"line":51,"column":41}},"51":{"start":{"line":52,"column":0},"end":{"line":52,"column":13}},"52":{"start":{"line":53,"column":0},"end":{"line":53,"column":5}},"53":{"start":{"line":54,"column":0},"end":{"line":54,"column":3}},"55":{"start":{"line":56,"column":0},"end":{"line":56,"column":42}},"56":{"start":{"line":57,"column":0},"end":{"line":57,"column":45}},"57":{"start":{"line":58,"column":0},"end":{"line":58,"column":33}},"59":{"start":{"line":60,"column":0},"end":{"line":60,"column":41}},"61":{"start":{"line":62,"column":0},"end":{"line":62,"column":27}},"62":{"start":{"line":63,"column":0},"end":{"line":63,"column":57}},"63":{"start":{"line":64,"column":0},"end":{"line":64,"column":49}},"65":{"start":{"line":66,"column":0},"end":{"line":66,"column":66}},"66":{"start":{"line":67,"column":0},"end":{"line":67,"column":1}},"68":{"start":{"line":69,"column":0},"end":{"line":69,"column":55}},"69":{"start":{"line":70,"column":0},"end":{"line":70,"column":33}},"70":{"start":{"line":71,"column":0},"end":{"line":71,"column":34}},"72":{"start":{"line":73,"column":0},"end":{"line":73,"column":33}},"73":{"start":{"line":74,"column":0},"end":{"line":74,"column":15}},"74":{"start":{"line":75,"column":0},"end":{"line":75,"column":22}},"75":{"start":{"line":76,"column":0},"end":{"line":76,"column":4}},"77":{"start":{"line":78,"column":0},"end":{"line":78,"column":13}},"78":{"start":{"line":79,"column":0},"end":{"line":79,"column":54}},"79":{"start":{"line":80,"column":0},"end":{"line":80,"column":3}},"81":{"start":{"line":82,"column":0},"end":{"line":82,"column":42}},"82":{"start":{"line":83,"column":0},"end":{"line":83,"column":1}},"84":{"start":{"line":85,"column":0},"end":{"line":85,"column":58}},"85":{"start":{"line":86,"column":0},"end":{"line":86,"column":39}},"86":{"start":{"line":87,"column":0},"end":{"line":87,"column":40}},"87":{"start":{"line":88,"column":0},"end":{"line":88,"column":47}},"88":{"start":{"line":89,"column":0},"end":{"line":89,"column":1}},"90":{"start":{"line":91,"column":0},"end":{"line":91,"column":58}},"91":{"start":{"line":92,"column":0},"end":{"line":92,"column":33}},"92":{"start":{"line":93,"column":0},"end":{"line":93,"column":40}},"93":{"start":{"line":94,"column":0},"end":{"line":94,"column":34}},"95":{"start":{"line":96,"column":0},"end":{"line":96,"column":30}},"96":{"start":{"line":97,"column":0},"end":{"line":97,"column":75}},"97":{"start":{"line":98,"column":0},"end":{"line":98,"column":3}},"99":{"start":{"line":100,"column":0},"end":{"line":100,"column":42}},"100":{"start":{"line":101,"column":0},"end":{"line":101,"column":38}},"101":{"start":{"line":102,"column":0},"end":{"line":102,"column":13}},"102":{"start":{"line":103,"column":0},"end":{"line":103,"column":17}},"103":{"start":{"line":104,"column":0},"end":{"line":104,"column":3}},"105":{"start":{"line":106,"column":0},"end":{"line":106,"column":13}},"106":{"start":{"line":107,"column":0},"end":{"line":107,"column":54}},"107":{"start":{"line":108,"column":0},"end":{"line":108,"column":3}},"109":{"start":{"line":110,"column":0},"end":{"line":110,"column":42}},"110":{"start":{"line":111,"column":0},"end":{"line":111,"column":1}},"112":{"start":{"line":113,"column":0},"end":{"line":113,"column":58}},"113":{"start":{"line":114,"column":0},"end":{"line":114,"column":33}},"114":{"start":{"line":115,"column":0},"end":{"line":115,"column":34}},"116":{"start":{"line":117,"column":0},"end":{"line":117,"column":43}},"117":{"start":{"line":118,"column":0},"end":{"line":118,"column":15}},"118":{"start":{"line":119,"column":0},"end":{"line":119,"column":22}},"119":{"start":{"line":120,"column":0},"end":{"line":120,"column":4}},"121":{"start":{"line":122,"column":0},"end":{"line":122,"column":13}},"122":{"start":{"line":123,"column":0},"end":{"line":123,"column":54}},"123":{"start":{"line":124,"column":0},"end":{"line":124,"column":3}},"125":{"start":{"line":126,"column":0},"end":{"line":126,"column":35}},"126":{"start":{"line":127,"column":0},"end":{"line":127,"column":1}},"128":{"start":{"line":129,"column":0},"end":{"line":129,"column":58}},"129":{"start":{"line":130,"column":0},"end":{"line":130,"column":35}},"130":{"start":{"line":131,"column":0},"end":{"line":131,"column":73}},"131":{"start":{"line":132,"column":0},"end":{"line":132,"column":55}},"132":{"start":{"line":133,"column":0},"end":{"line":133,"column":4}},"133":{"start":{"line":134,"column":0},"end":{"line":134,"column":51}},"134":{"start":{"line":135,"column":0},"end":{"line":135,"column":38}},"135":{"start":{"line":136,"column":0},"end":{"line":136,"column":22}},"136":{"start":{"line":137,"column":0},"end":{"line":137,"column":14}},"137":{"start":{"line":138,"column":0},"end":{"line":138,"column":17}},"139":{"start":{"line":140,"column":0},"end":{"line":140,"column":31}},"140":{"start":{"line":141,"column":0},"end":{"line":141,"column":38}},"141":{"start":{"line":142,"column":0},"end":{"line":142,"column":42}},"142":{"start":{"line":143,"column":0},"end":{"line":143,"column":40}},"143":{"start":{"line":144,"column":0},"end":{"line":144,"column":3}},"145":{"start":{"line":146,"column":0},"end":{"line":146,"column":49}},"146":{"start":{"line":147,"column":0},"end":{"line":147,"column":73}},"147":{"start":{"line":148,"column":0},"end":{"line":148,"column":5}},"148":{"start":{"line":149,"column":0},"end":{"line":149,"column":15}},"149":{"start":{"line":150,"column":0},"end":{"line":150,"column":14}},"150":{"start":{"line":151,"column":0},"end":{"line":151,"column":40}},"151":{"start":{"line":152,"column":0},"end":{"line":152,"column":42}},"152":{"start":{"line":153,"column":0},"end":{"line":153,"column":10}},"153":{"start":{"line":154,"column":0},"end":{"line":154,"column":27}},"154":{"start":{"line":155,"column":0},"end":{"line":155,"column":8}},"155":{"start":{"line":156,"column":0},"end":{"line":156,"column":6}},"156":{"start":{"line":157,"column":0},"end":{"line":157,"column":51}},"157":{"start":{"line":158,"column":0},"end":{"line":158,"column":18}},"158":{"start":{"line":159,"column":0},"end":{"line":159,"column":4}},"160":{"start":{"line":161,"column":0},"end":{"line":161,"column":43}},"161":{"start":{"line":162,"column":0},"end":{"line":162,"column":20}},"162":{"start":{"line":163,"column":0},"end":{"line":163,"column":13}},"163":{"start":{"line":164,"column":0},"end":{"line":164,"column":29}},"164":{"start":{"line":165,"column":0},"end":{"line":165,"column":14}},"165":{"start":{"line":166,"column":0},"end":{"line":166,"column":14}},"166":{"start":{"line":167,"column":0},"end":{"line":167,"column":27}},"167":{"start":{"line":168,"column":0},"end":{"line":168,"column":25}},"168":{"start":{"line":169,"column":0},"end":{"line":169,"column":19}},"169":{"start":{"line":170,"column":0},"end":{"line":170,"column":24}},"170":{"start":{"line":171,"column":0},"end":{"line":171,"column":28}},"171":{"start":{"line":172,"column":0},"end":{"line":172,"column":6}},"172":{"start":{"line":173,"column":0},"end":{"line":173,"column":14}},"174":{"start":{"line":175,"column":0},"end":{"line":175,"column":72}},"175":{"start":{"line":176,"column":0},"end":{"line":176,"column":1}}},"s":{"0":1,"1":1,"2":1,"3":1,"4":1,"5":1,"6":1,"15":1,"16":5,"18":5,"20":5,"21":5,"22":5,"24":5,"25":1,"26":1,"28":5,"29":0,"30":0,"32":5,"33":0,"34":0,"36":5,"38":5,"39":1,"40":1,"41":0,"42":0,"43":1,"44":0,"45":0,"46":1,"47":1,"48":1,"49":1,"50":0,"51":0,"52":1,"53":1,"55":5,"56":5,"57":5,"59":5,"61":5,"62":4,"63":4,"65":4,"66":4,"68":1,"69":0,"70":0,"72":0,"73":0,"74":0,"75":0,"77":0,"78":0,"79":0,"81":0,"82":0,"84":1,"85":0,"86":0,"87":0,"88":0,"90":1,"91":0,"92":0,"93":0,"95":0,"96":0,"97":0,"99":0,"100":0,"101":0,"102":0,"103":0,"105":0,"106":0,"107":0,"109":0,"110":0,"112":1,"113":2,"114":2,"116":2,"117":2,"118":2,"119":2,"121":2,"122":1,"123":1,"125":1,"126":1,"128":1,"129":0,"130":0,"131":0,"132":0,"133":0,"134":0,"135":0,"136":0,"137":0,"139":0,"140":0,"141":0,"142":0,"143":0,"145":0,"146":0,"147":0,"148":0,"149":0,"150":0,"151":0,"152":0,"153":0,"154":0,"155":0,"156":0,"157":0,"158":0,"160":0,"161":0,"162":0,"163":0,"164":0,"165":0,"166":0,"167":0,"168":0,"169":0,"170":0,"171":0,"172":0,"174":0,"175":0},"branchMap":{"0":{"type":"branch","line":16,"loc":{"start":{"line":16,"column":19},"end":{"line":67,"column":1}},"locations":[{"start":{"line":16,"column":19},"end":{"line":67,"column":1}}]},"1":{"type":"branch","line":25,"loc":{"start":{"line":25,"column":14},"end":{"line":27,"column":3}},"locations":[{"start":{"line":25,"column":14},"end":{"line":27,"column":3}}]},"2":{"type":"branch","line":29,"loc":{"start":{"line":29,"column":6},"end":{"line":29,"column":34}},"locations":[{"start":{"line":29,"column":6},"end":{"line":29,"column":34}}]},"3":{"type":"branch","line":29,"loc":{"start":{"line":29,"column":34},"end":{"line":31,"column":3}},"locations":[{"start":{"line":29,"column":34},"end":{"line":31,"column":3}}]},"4":{"type":"branch","line":33,"loc":{"start":{"line":33,"column":6},"end":{"line":33,"column":36}},"locations":[{"start":{"line":33,"column":6},"end":{"line":33,"column":36}}]},"5":{"type":"branch","line":33,"loc":{"start":{"line":33,"column":36},"end":{"line":35,"column":3}},"locations":[{"start":{"line":33,"column":36},"end":{"line":35,"column":3}}]},"6":{"type":"branch","line":39,"loc":{"start":{"line":39,"column":12},"end":{"line":54,"column":3}},"locations":[{"start":{"line":39,"column":12},"end":{"line":54,"column":3}}]},"7":{"type":"branch","line":41,"loc":{"start":{"line":41,"column":6},"end":{"line":43,"column":13}},"locations":[{"start":{"line":41,"column":6},"end":{"line":43,"column":13}}]},"8":{"type":"branch","line":44,"loc":{"start":{"line":44,"column":6},"end":{"line":46,"column":13}},"locations":[{"start":{"line":44,"column":6},"end":{"line":46,"column":13}}]},"9":{"type":"branch","line":50,"loc":{"start":{"line":50,"column":6},"end":{"line":52,"column":13}},"locations":[{"start":{"line":50,"column":6},"end":{"line":52,"column":13}}]},"10":{"type":"branch","line":56,"loc":{"start":{"line":56,"column":36},"end":{"line":56,"column":42}},"locations":[{"start":{"line":56,"column":36},"end":{"line":56,"column":42}}]},"11":{"type":"branch","line":57,"loc":{"start":{"line":57,"column":38},"end":{"line":57,"column":45}},"locations":[{"start":{"line":57,"column":38},"end":{"line":57,"column":45}}]},"12":{"type":"branch","line":62,"loc":{"start":{"line":62,"column":21},"end":{"line":67,"column":1}},"locations":[{"start":{"line":62,"column":21},"end":{"line":67,"column":1}}]},"13":{"type":"branch","line":113,"loc":{"start":{"line":113,"column":18},"end":{"line":127,"column":1}},"locations":[{"start":{"line":113,"column":18},"end":{"line":127,"column":1}}]},"14":{"type":"branch","line":122,"loc":{"start":{"line":122,"column":12},"end":{"line":127,"column":1}},"locations":[{"start":{"line":122,"column":12},"end":{"line":127,"column":1}}]}},"b":{"0":[5],"1":[1],"2":[0],"3":[0],"4":[0],"5":[0],"6":[1],"7":[0],"8":[0],"9":[0],"10":[4],"11":[4],"12":[4],"13":[2],"14":[1]},"fnMap":{"0":{"name":"getAllJobs","decl":{"start":{"line":16,"column":19},"end":{"line":67,"column":1}},"loc":{"start":{"line":16,"column":19},"end":{"line":67,"column":1}},"line":16},"1":{"name":"getJob","decl":{"start":{"line":69,"column":15},"end":{"line":83,"column":1}},"loc":{"start":{"line":69,"column":15},"end":{"line":83,"column":1}},"line":69},"2":{"name":"createJob","decl":{"start":{"line":85,"column":18},"end":{"line":89,"column":1}},"loc":{"start":{"line":85,"column":18},"end":{"line":89,"column":1}},"line":85},"3":{"name":"updateJob","decl":{"start":{"line":91,"column":18},"end":{"line":111,"column":1}},"loc":{"start":{"line":91,"column":18},"end":{"line":111,"column":1}},"line":91},"4":{"name":"deleteJob","decl":{"start":{"line":113,"column":18},"end":{"line":127,"column":1}},"loc":{"start":{"line":113,"column":18},"end":{"line":127,"column":1}},"line":113},"5":{"name":"showStats","decl":{"start":{"line":129,"column":18},"end":{"line":176,"column":1}},"loc":{"start":{"line":129,"column":18},"end":{"line":176,"column":1}},"line":129}},"f":{"0":5,"1":0,"2":0,"3":0,"4":2,"5":0}}
,"/mnt/c/Users/Luka/Desktop/find-job-app/server/src/controllers/tests/auth.test.ts": {"path":"/mnt/c/Users/Luka/Desktop/find-job-app/server/src/controllers/tests/auth.test.ts","all":false,"statementMap":{"0":{"start":{"line":1,"column":0},"end":{"line":1,"column":31}},"1":{"start":{"line":2,"column":0},"end":{"line":2,"column":72}},"2":{"start":{"line":3,"column":0},"end":{"line":3,"column":27}},"3":{"start":{"line":4,"column":0},"end":{"line":4,"column":36}},"4":{"start":{"line":5,"column":0},"end":{"line":5,"column":22}},"6":{"start":{"line":7,"column":0},"end":{"line":7,"column":36}},"7":{"start":{"line":8,"column":0},"end":{"line":8,"column":68}},"14":{"start":{"line":15,"column":0},"end":{"line":15,"column":34}},"15":{"start":{"line":16,"column":0},"end":{"line":16,"column":19}},"16":{"start":{"line":17,"column":0},"end":{"line":17,"column":22}},"17":{"start":{"line":18,"column":0},"end":{"line":18,"column":4}},"19":{"start":{"line":20,"column":0},"end":{"line":20,"column":48}},"20":{"start":{"line":21,"column":0},"end":{"line":21,"column":50}},"21":{"start":{"line":22,"column":0},"end":{"line":22,"column":24}},"22":{"start":{"line":23,"column":0},"end":{"line":23,"column":34}},"23":{"start":{"line":24,"column":0},"end":{"line":24,"column":24}},"24":{"start":{"line":25,"column":0},"end":{"line":25,"column":30}},"25":{"start":{"line":26,"column":0},"end":{"line":26,"column":21}},"26":{"start":{"line":27,"column":0},"end":{"line":27,"column":35}},"27":{"start":{"line":28,"column":0},"end":{"line":28,"column":56}},"28":{"start":{"line":29,"column":0},"end":{"line":29,"column":7}},"30":{"start":{"line":31,"column":0},"end":{"line":31,"column":70}},"32":{"start":{"line":33,"column":0},"end":{"line":33,"column":73}},"33":{"start":{"line":34,"column":0},"end":{"line":34,"column":34}},"34":{"start":{"line":35,"column":0},"end":{"line":35,"column":29}},"35":{"start":{"line":36,"column":0},"end":{"line":36,"column":21}},"36":{"start":{"line":37,"column":0},"end":{"line":37,"column":24}},"37":{"start":{"line":38,"column":0},"end":{"line":38,"column":30}},"38":{"start":{"line":39,"column":0},"end":{"line":39,"column":8}},"40":{"start":{"line":41,"column":0},"end":{"line":41,"column":34}},"41":{"start":{"line":42,"column":0},"end":{"line":42,"column":64}},"42":{"start":{"line":43,"column":0},"end":{"line":43,"column":6}},"43":{"start":{"line":44,"column":0},"end":{"line":44,"column":4}},"45":{"start":{"line":46,"column":0},"end":{"line":46,"column":45}},"46":{"start":{"line":47,"column":0},"end":{"line":47,"column":43}},"47":{"start":{"line":48,"column":0},"end":{"line":48,"column":24}},"48":{"start":{"line":49,"column":0},"end":{"line":49,"column":34}},"49":{"start":{"line":50,"column":0},"end":{"line":50,"column":24}},"50":{"start":{"line":51,"column":0},"end":{"line":51,"column":30}},"51":{"start":{"line":52,"column":0},"end":{"line":52,"column":21}},"52":{"start":{"line":53,"column":0},"end":{"line":53,"column":35}},"53":{"start":{"line":54,"column":0},"end":{"line":54,"column":57}},"54":{"start":{"line":55,"column":0},"end":{"line":55,"column":56}},"55":{"start":{"line":56,"column":0},"end":{"line":56,"column":7}},"57":{"start":{"line":58,"column":0},"end":{"line":58,"column":71}},"59":{"start":{"line":60,"column":0},"end":{"line":60,"column":70}},"60":{"start":{"line":61,"column":0},"end":{"line":61,"column":34}},"61":{"start":{"line":62,"column":0},"end":{"line":62,"column":29}},"62":{"start":{"line":63,"column":0},"end":{"line":63,"column":8}},"64":{"start":{"line":65,"column":0},"end":{"line":65,"column":34}},"65":{"start":{"line":66,"column":0},"end":{"line":66,"column":64}},"66":{"start":{"line":67,"column":0},"end":{"line":67,"column":6}},"68":{"start":{"line":69,"column":0},"end":{"line":69,"column":70}},"69":{"start":{"line":70,"column":0},"end":{"line":70,"column":67}},"71":{"start":{"line":72,"column":0},"end":{"line":72,"column":70}},"72":{"start":{"line":73,"column":0},"end":{"line":73,"column":37}},"73":{"start":{"line":74,"column":0},"end":{"line":74,"column":29}},"74":{"start":{"line":75,"column":0},"end":{"line":75,"column":8}},"76":{"start":{"line":77,"column":0},"end":{"line":77,"column":34}},"77":{"start":{"line":78,"column":0},"end":{"line":78,"column":54}},"78":{"start":{"line":79,"column":0},"end":{"line":79,"column":6}},"79":{"start":{"line":80,"column":0},"end":{"line":80,"column":4}},"81":{"start":{"line":82,"column":0},"end":{"line":82,"column":44}},"82":{"start":{"line":83,"column":0},"end":{"line":83,"column":29}},"83":{"start":{"line":84,"column":0},"end":{"line":84,"column":30}},"85":{"start":{"line":86,"column":0},"end":{"line":86,"column":22}},"86":{"start":{"line":87,"column":0},"end":{"line":87,"column":13}},"87":{"start":{"line":88,"column":0},"end":{"line":88,"column":15}},"88":{"start":{"line":89,"column":0},"end":{"line":89,"column":23}},"89":{"start":{"line":90,"column":0},"end":{"line":90,"column":39}},"90":{"start":{"line":91,"column":0},"end":{"line":91,"column":35}},"91":{"start":{"line":92,"column":0},"end":{"line":92,"column":26}},"92":{"start":{"line":93,"column":0},"end":{"line":93,"column":10}},"93":{"start":{"line":94,"column":0},"end":{"line":94,"column":35}},"94":{"start":{"line":95,"column":0},"end":{"line":95,"column":7}},"95":{"start":{"line":96,"column":0},"end":{"line":96,"column":13}},"96":{"start":{"line":97,"column":0},"end":{"line":97,"column":41}},"97":{"start":{"line":98,"column":0},"end":{"line":98,"column":22}},"98":{"start":{"line":99,"column":0},"end":{"line":99,"column":7}},"99":{"start":{"line":100,"column":0},"end":{"line":100,"column":6}},"101":{"start":{"line":102,"column":0},"end":{"line":102,"column":50}},"102":{"start":{"line":103,"column":0},"end":{"line":103,"column":24}},"103":{"start":{"line":104,"column":0},"end":{"line":104,"column":37}},"104":{"start":{"line":105,"column":0},"end":{"line":105,"column":24}},"105":{"start":{"line":106,"column":0},"end":{"line":106,"column":33}},"106":{"start":{"line":107,"column":0},"end":{"line":107,"column":21}},"107":{"start":{"line":108,"column":0},"end":{"line":108,"column":35}},"108":{"start":{"line":109,"column":0},"end":{"line":109,"column":55}},"109":{"start":{"line":110,"column":0},"end":{"line":110,"column":46}},"110":{"start":{"line":111,"column":0},"end":{"line":111,"column":7}},"112":{"start":{"line":113,"column":0},"end":{"line":113,"column":71}},"114":{"start":{"line":115,"column":0},"end":{"line":115,"column":55}},"116":{"start":{"line":117,"column":0},"end":{"line":117,"column":50}},"117":{"start":{"line":118,"column":0},"end":{"line":118,"column":45}},"118":{"start":{"line":119,"column":0},"end":{"line":119,"column":15}},"119":{"start":{"line":120,"column":0},"end":{"line":120,"column":39}},"120":{"start":{"line":121,"column":0},"end":{"line":121,"column":26}},"121":{"start":{"line":122,"column":0},"end":{"line":122,"column":35}},"122":{"start":{"line":123,"column":0},"end":{"line":123,"column":23}},"123":{"start":{"line":124,"column":0},"end":{"line":124,"column":28}},"124":{"start":{"line":125,"column":0},"end":{"line":125,"column":10}},"125":{"start":{"line":126,"column":0},"end":{"line":126,"column":8}},"126":{"start":{"line":127,"column":0},"end":{"line":127,"column":6}},"128":{"start":{"line":129,"column":0},"end":{"line":129,"column":74}},"129":{"start":{"line":130,"column":0},"end":{"line":130,"column":18}},"130":{"start":{"line":131,"column":0},"end":{"line":131,"column":18}},"131":{"start":{"line":132,"column":0},"end":{"line":132,"column":24}},"132":{"start":{"line":133,"column":0},"end":{"line":133,"column":33}},"133":{"start":{"line":134,"column":0},"end":{"line":134,"column":21}},"134":{"start":{"line":135,"column":0},"end":{"line":135,"column":7}},"136":{"start":{"line":137,"column":0},"end":{"line":137,"column":80}},"137":{"start":{"line":138,"column":0},"end":{"line":138,"column":23}},"138":{"start":{"line":139,"column":0},"end":{"line":139,"column":7}},"139":{"start":{"line":140,"column":0},"end":{"line":140,"column":6}},"140":{"start":{"line":141,"column":0},"end":{"line":141,"column":4}},"141":{"start":{"line":142,"column":0},"end":{"line":142,"column":2}}},"s":{"0":1,"1":1,"2":1,"3":1,"4":1,"6":1,"7":1,"14":1,"15":1,"16":5,"17":1,"19":1,"20":1,"21":1,"22":1,"23":1,"24":1,"25":1,"26":1,"27":1,"28":1,"30":1,"32":1,"33":1,"34":1,"35":1,"36":1,"37":1,"38":1,"40":1,"41":1,"42":1,"43":1,"45":1,"46":1,"47":1,"48":1,"49":1,"50":1,"51":1,"52":1,"53":1,"54":1,"55":1,"57":1,"59":1,"60":1,"61":1,"62":1,"64":1,"65":1,"66":1,"68":1,"69":1,"71":1,"72":1,"73":1,"74":1,"76":1,"77":1,"78":1,"79":1,"81":1,"82":1,"83":1,"85":1,"86":2,"87":2,"88":2,"89":2,"90":2,"91":2,"92":2,"93":2,"94":2,"95":2,"96":2,"97":2,"98":2,"99":1,"101":1,"102":1,"103":1,"104":1,"105":1,"106":1,"107":1,"108":1,"109":1,"110":1,"112":1,"114":1,"116":1,"117":1,"118":1,"119":1,"120":1,"121":1,"122":1,"123":1,"124":1,"125":1,"126":1,"128":1,"129":1,"130":1,"131":1,"132":1,"133":1,"134":1,"136":1,"137":1,"138":1,"139":1,"140":1,"141":1},"branchMap":{"0":{"type":"branch","line":15,"loc":{"start":{"line":15,"column":27},"end":{"line":142,"column":2}},"locations":[{"start":{"line":15,"column":27},"end":{"line":142,"column":2}}]},"1":{"type":"branch","line":16,"loc":{"start":{"line":16,"column":12},"end":{"line":18,"column":3}},"locations":[{"start":{"line":16,"column":12},"end":{"line":18,"column":3}}]},"2":{"type":"branch","line":20,"loc":{"start":{"line":20,"column":41},"end":{"line":44,"column":3}},"locations":[{"start":{"line":20,"column":41},"end":{"line":44,"column":3}}]},"3":{"type":"branch","line":21,"loc":{"start":{"line":21,"column":37},"end":{"line":43,"column":5}},"locations":[{"start":{"line":21,"column":37},"end":{"line":43,"column":5}}]},"4":{"type":"branch","line":46,"loc":{"start":{"line":46,"column":38},"end":{"line":80,"column":3}},"locations":[{"start":{"line":46,"column":38},"end":{"line":80,"column":3}}]},"5":{"type":"branch","line":47,"loc":{"start":{"line":47,"column":30},"end":{"line":67,"column":5}},"locations":[{"start":{"line":47,"column":30},"end":{"line":67,"column":5}}]},"6":{"type":"branch","line":69,"loc":{"start":{"line":69,"column":57},"end":{"line":79,"column":5}},"locations":[{"start":{"line":69,"column":57},"end":{"line":79,"column":5}}]},"7":{"type":"branch","line":82,"loc":{"start":{"line":82,"column":37},"end":{"line":141,"column":3}},"locations":[{"start":{"line":82,"column":37},"end":{"line":141,"column":3}}]},"8":{"type":"branch","line":86,"loc":{"start":{"line":86,"column":15},"end":{"line":100,"column":5}},"locations":[{"start":{"line":86,"column":15},"end":{"line":100,"column":5}}]},"9":{"type":"branch","line":102,"loc":{"start":{"line":102,"column":37},"end":{"line":127,"column":5}},"locations":[{"start":{"line":102,"column":37},"end":{"line":127,"column":5}}]},"10":{"type":"branch","line":129,"loc":{"start":{"line":129,"column":61},"end":{"line":140,"column":5}},"locations":[{"start":{"line":129,"column":61},"end":{"line":140,"column":5}}]}},"b":{"0":[1],"1":[5],"2":[1],"3":[1],"4":[1],"5":[1],"6":[1],"7":[1],"8":[2],"9":[1],"10":[1]},"fnMap":{},"f":{}}
,"/mnt/c/Users/Luka/Desktop/find-job-app/server/src/controllers/tests/jobs.test.ts": {"path":"/mnt/c/Users/Luka/Desktop/find-job-app/server/src/controllers/tests/jobs.test.ts","all":false,"statementMap":{"0":{"start":{"line":1,"column":0},"end":{"line":1,"column":31}},"1":{"start":{"line":2,"column":0},"end":{"line":2,"column":72}},"2":{"start":{"line":3,"column":0},"end":{"line":3,"column":27}},"3":{"start":{"line":4,"column":0},"end":{"line":4,"column":30}},"4":{"start":{"line":5,"column":0},"end":{"line":5,"column":34}},"5":{"start":{"line":6,"column":0},"end":{"line":6,"column":22}},"9":{"start":{"line":10,"column":0},"end":{"line":10,"column":36}},"10":{"start":{"line":11,"column":0},"end":{"line":11,"column":19}},"12":{"start":{"line":13,"column":0},"end":{"line":13,"column":20}},"13":{"start":{"line":14,"column":0},"end":{"line":14,"column":72}},"14":{"start":{"line":15,"column":0},"end":{"line":15,"column":4}},"16":{"start":{"line":17,"column":0},"end":{"line":17,"column":19}},"17":{"start":{"line":18,"column":0},"end":{"line":18,"column":22}},"18":{"start":{"line":19,"column":0},"end":{"line":19,"column":4}},"20":{"start":{"line":21,"column":0},"end":{"line":21,"column":71}},"21":{"start":{"line":22,"column":0},"end":{"line":22,"column":22}},"22":{"start":{"line":23,"column":0},"end":{"line":23,"column":58}},"23":{"start":{"line":24,"column":0},"end":{"line":24,"column":57}},"24":{"start":{"line":25,"column":0},"end":{"line":25,"column":5}},"26":{"start":{"line":27,"column":0},"end":{"line":27,"column":55}},"27":{"start":{"line":28,"column":0},"end":{"line":28,"column":37}},"28":{"start":{"line":29,"column":0},"end":{"line":29,"column":49}},"29":{"start":{"line":30,"column":0},"end":{"line":30,"column":6}},"30":{"start":{"line":31,"column":0},"end":{"line":31,"column":66}},"31":{"start":{"line":32,"column":0},"end":{"line":32,"column":21}},"32":{"start":{"line":33,"column":0},"end":{"line":33,"column":5}},"34":{"start":{"line":35,"column":0},"end":{"line":35,"column":34}},"35":{"start":{"line":36,"column":0},"end":{"line":36,"column":26}},"36":{"start":{"line":37,"column":0},"end":{"line":37,"column":46}},"38":{"start":{"line":39,"column":0},"end":{"line":39,"column":39}},"39":{"start":{"line":40,"column":0},"end":{"line":40,"column":55}},"40":{"start":{"line":41,"column":0},"end":{"line":41,"column":55}},"41":{"start":{"line":42,"column":0},"end":{"line":42,"column":42}},"42":{"start":{"line":43,"column":0},"end":{"line":43,"column":4}},"44":{"start":{"line":45,"column":0},"end":{"line":45,"column":75}},"45":{"start":{"line":46,"column":0},"end":{"line":46,"column":74}},"47":{"start":{"line":48,"column":0},"end":{"line":48,"column":55}},"48":{"start":{"line":49,"column":0},"end":{"line":49,"column":37}},"49":{"start":{"line":50,"column":0},"end":{"line":50,"column":49}},"50":{"start":{"line":51,"column":0},"end":{"line":51,"column":6}},"51":{"start":{"line":52,"column":0},"end":{"line":52,"column":66}},"52":{"start":{"line":53,"column":0},"end":{"line":53,"column":21}},"53":{"start":{"line":54,"column":0},"end":{"line":54,"column":5}},"55":{"start":{"line":56,"column":0},"end":{"line":56,"column":34}},"56":{"start":{"line":57,"column":0},"end":{"line":57,"column":43}},"57":{"start":{"line":58,"column":0},"end":{"line":58,"column":46}},"59":{"start":{"line":60,"column":0},"end":{"line":60,"column":39}},"60":{"start":{"line":61,"column":0},"end":{"line":61,"column":55}},"61":{"start":{"line":62,"column":0},"end":{"line":62,"column":58}},"62":{"start":{"line":63,"column":0},"end":{"line":63,"column":4}},"64":{"start":{"line":65,"column":0},"end":{"line":65,"column":73}},"65":{"start":{"line":66,"column":0},"end":{"line":66,"column":22}},"66":{"start":{"line":67,"column":0},"end":{"line":67,"column":57}},"67":{"start":{"line":68,"column":0},"end":{"line":68,"column":58}},"68":{"start":{"line":69,"column":0},"end":{"line":69,"column":5}},"70":{"start":{"line":71,"column":0},"end":{"line":71,"column":55}},"71":{"start":{"line":72,"column":0},"end":{"line":72,"column":37}},"72":{"start":{"line":73,"column":0},"end":{"line":73,"column":37}},"73":{"start":{"line":74,"column":0},"end":{"line":74,"column":49}},"74":{"start":{"line":75,"column":0},"end":{"line":75,"column":6}},"75":{"start":{"line":76,"column":0},"end":{"line":76,"column":66}},"76":{"start":{"line":77,"column":0},"end":{"line":77,"column":21}},"77":{"start":{"line":78,"column":0},"end":{"line":78,"column":5}},"79":{"start":{"line":80,"column":0},"end":{"line":80,"column":34}},"80":{"start":{"line":81,"column":0},"end":{"line":81,"column":35}},"81":{"start":{"line":82,"column":0},"end":{"line":82,"column":46}},"83":{"start":{"line":84,"column":0},"end":{"line":84,"column":39}},"84":{"start":{"line":85,"column":0},"end":{"line":85,"column":55}},"85":{"start":{"line":86,"column":0},"end":{"line":86,"column":57}},"86":{"start":{"line":87,"column":0},"end":{"line":87,"column":58}},"87":{"start":{"line":88,"column":0},"end":{"line":88,"column":4}},"89":{"start":{"line":90,"column":0},"end":{"line":90,"column":76}},"90":{"start":{"line":91,"column":0},"end":{"line":91,"column":60}},"91":{"start":{"line":92,"column":0},"end":{"line":92,"column":30}},"92":{"start":{"line":93,"column":0},"end":{"line":93,"column":31}},"93":{"start":{"line":94,"column":0},"end":{"line":94,"column":7}},"95":{"start":{"line":96,"column":0},"end":{"line":96,"column":55}},"96":{"start":{"line":97,"column":0},"end":{"line":97,"column":37}},"97":{"start":{"line":98,"column":0},"end":{"line":98,"column":49}},"98":{"start":{"line":99,"column":0},"end":{"line":99,"column":6}},"99":{"start":{"line":100,"column":0},"end":{"line":100,"column":69}},"101":{"start":{"line":102,"column":0},"end":{"line":102,"column":34}},"102":{"start":{"line":103,"column":0},"end":{"line":103,"column":42}},"103":{"start":{"line":104,"column":0},"end":{"line":104,"column":46}},"105":{"start":{"line":106,"column":0},"end":{"line":106,"column":39}},"106":{"start":{"line":107,"column":0},"end":{"line":107,"column":42}},"107":{"start":{"line":108,"column":0},"end":{"line":108,"column":42}},"108":{"start":{"line":109,"column":0},"end":{"line":109,"column":42}},"109":{"start":{"line":110,"column":0},"end":{"line":110,"column":4}},"111":{"start":{"line":112,"column":0},"end":{"line":112,"column":68}},"112":{"start":{"line":113,"column":0},"end":{"line":113,"column":34}},"114":{"start":{"line":115,"column":0},"end":{"line":115,"column":70}},"115":{"start":{"line":116,"column":0},"end":{"line":116,"column":21}},"116":{"start":{"line":117,"column":0},"end":{"line":117,"column":31}},"117":{"start":{"line":118,"column":0},"end":{"line":118,"column":6}},"119":{"start":{"line":120,"column":0},"end":{"line":120,"column":34}},"120":{"start":{"line":121,"column":0},"end":{"line":121,"column":42}},"121":{"start":{"line":122,"column":0},"end":{"line":122,"column":46}},"123":{"start":{"line":124,"column":0},"end":{"line":124,"column":39}},"124":{"start":{"line":125,"column":0},"end":{"line":125,"column":4}},"126":{"start":{"line":127,"column":0},"end":{"line":127,"column":65}},"127":{"start":{"line":128,"column":0},"end":{"line":128,"column":40}},"129":{"start":{"line":130,"column":0},"end":{"line":130,"column":74}},"131":{"start":{"line":132,"column":0},"end":{"line":132,"column":34}},"132":{"start":{"line":133,"column":0},"end":{"line":133,"column":42}},"133":{"start":{"line":134,"column":0},"end":{"line":134,"column":46}},"135":{"start":{"line":136,"column":0},"end":{"line":136,"column":39}},"136":{"start":{"line":137,"column":0},"end":{"line":137,"column":4}},"137":{"start":{"line":138,"column":0},"end":{"line":138,"column":2}}},"s":{"0":1,"1":1,"2":1,"3":1,"4":1,"5":1,"9":1,"10":1,"12":1,"13":6,"14":1,"16":1,"17":6,"18":1,"20":1,"21":1,"22":1,"23":1,"24":1,"26":1,"27":1,"28":1,"29":1,"30":1,"31":1,"32":1,"34":1,"35":1,"36":1,"38":1,"39":1,"40":1,"41":1,"42":1,"44":1,"45":1,"47":1,"48":1,"49":1,"50":1,"51":1,"52":1,"53":1,"55":1,"56":1,"57":1,"59":1,"60":1,"61":1,"62":1,"64":1,"65":1,"66":1,"67":1,"68":1,"70":1,"71":1,"72":1,"73":1,"74":1,"75":1,"76":1,"77":1,"79":1,"80":1,"81":1,"83":1,"84":1,"85":1,"86":1,"87":1,"89":1,"90":1,"91":10,"92":10,"93":1,"95":1,"96":1,"97":1,"98":1,"99":1,"101":1,"102":1,"103":1,"105":1,"106":1,"107":1,"108":1,"109":1,"111":1,"112":1,"114":1,"115":1,"116":1,"117":1,"119":1,"120":1,"121":1,"123":1,"124":1,"126":1,"127":1,"129":1,"131":1,"132":1,"133":1,"135":1,"136":1,"137":1},"branchMap":{"0":{"type":"branch","line":10,"loc":{"start":{"line":10,"column":29},"end":{"line":138,"column":2}},"locations":[{"start":{"line":10,"column":29},"end":{"line":138,"column":2}}]},"1":{"type":"branch","line":13,"loc":{"start":{"line":13,"column":13},"end":{"line":15,"column":3}},"locations":[{"start":{"line":13,"column":13},"end":{"line":15,"column":3}}]},"2":{"type":"branch","line":17,"loc":{"start":{"line":17,"column":12},"end":{"line":19,"column":3}},"locations":[{"start":{"line":17,"column":12},"end":{"line":19,"column":3}}]},"3":{"type":"branch","line":21,"loc":{"start":{"line":21,"column":58},"end":{"line":43,"column":3}},"locations":[{"start":{"line":21,"column":58},"end":{"line":43,"column":3}}]},"4":{"type":"branch","line":45,"loc":{"start":{"line":45,"column":62},"end":{"line":63,"column":3}},"locations":[{"start":{"line":45,"column":62},"end":{"line":63,"column":3}}]},"5":{"type":"branch","line":65,"loc":{"start":{"line":65,"column":60},"end":{"line":88,"column":3}},"locations":[{"start":{"line":65,"column":60},"end":{"line":88,"column":3}}]},"6":{"type":"branch","line":90,"loc":{"start":{"line":90,"column":63},"end":{"line":110,"column":3}},"locations":[{"start":{"line":90,"column":63},"end":{"line":110,"column":3}}]},"7":{"type":"branch","line":91,"loc":{"start":{"line":91,"column":48},"end":{"line":94,"column":6}},"locations":[{"start":{"line":91,"column":48},"end":{"line":94,"column":6}}]},"8":{"type":"branch","line":112,"loc":{"start":{"line":112,"column":55},"end":{"line":125,"column":3}},"locations":[{"start":{"line":112,"column":55},"end":{"line":125,"column":3}}]},"9":{"type":"branch","line":127,"loc":{"start":{"line":127,"column":52},"end":{"line":137,"column":3}},"locations":[{"start":{"line":127,"column":52},"end":{"line":137,"column":3}}]}},"b":{"0":[1],"1":[6],"2":[6],"3":[1],"4":[1],"5":[1],"6":[1],"7":[10],"8":[1],"9":[1]},"fnMap":{},"f":{}}
,"/mnt/c/Users/Luka/Desktop/find-job-app/server/src/db/connect.ts": {"path":"/mnt/c/Users/Luka/Desktop/find-job-app/server/src/db/connect.ts","all":false,"statementMap":{"0":{"start":{"line":1,"column":0},"end":{"line":1,"column":31}},"2":{"start":{"line":3,"column":0},"end":{"line":3,"column":36}},"3":{"start":{"line":4,"column":0},"end":{"line":4,"column":32}},"4":{"start":{"line":5,"column":0},"end":{"line":5,"column":26}},"5":{"start":{"line":6,"column":0},"end":{"line":6,"column":25}},"6":{"start":{"line":7,"column":0},"end":{"line":7,"column":28}},"7":{"start":{"line":8,"column":0},"end":{"line":8,"column":29}},"8":{"start":{"line":9,"column":0},"end":{"line":9,"column":4}},"9":{"start":{"line":10,"column":0},"end":{"line":10,"column":1}},"11":{"start":{"line":12,"column":0},"end":{"line":12,"column":24}}},"s":{"0":1,"2":1,"3":4,"4":4,"5":4,"6":4,"7":4,"8":4,"9":4,"11":1},"branchMap":{"0":{"type":"branch","line":3,"loc":{"start":{"line":3,"column":18},"end":{"line":10,"column":1}},"locations":[{"start":{"line":3,"column":18},"end":{"line":10,"column":1}}]}},"b":{"0":[4]},"fnMap":{"0":{"name":"connectDB","decl":{"start":{"line":3,"column":18},"end":{"line":10,"column":1}},"loc":{"start":{"line":3,"column":18},"end":{"line":10,"column":1}},"line":3}},"f":{"0":4}}
,"/mnt/c/Users/Luka/Desktop/find-job-app/server/src/db/mongoURI.ts": {"path":"/mnt/c/Users/Luka/Desktop/find-job-app/server/src/db/mongoURI.ts","all":false,"statementMap":{"0":{"start":{"line":1,"column":0},"end":{"line":1,"column":39}},"2":{"start":{"line":3,"column":0},"end":{"line":3,"column":8}},"3":{"start":{"line":4,"column":0},"end":{"line":4,"column":31}},"4":{"start":{"line":5,"column":0},"end":{"line":5,"column":2}},"6":{"start":{"line":7,"column":0},"end":{"line":7,"column":49}},"8":{"start":{"line":9,"column":0},"end":{"line":9,"column":24}}},"s":{"0":1,"2":1,"3":1,"4":1,"6":1,"8":1},"branchMap":{},"b":{},"fnMap":{},"f":{}}
,"/mnt/c/Users/Luka/Desktop/find-job-app/server/src/errors/bad-request.ts": {"path":"/mnt/c/Users/Luka/Desktop/find-job-app/server/src/errors/bad-request.ts","all":false,"statementMap":{"0":{"start":{"line":1,"column":0},"end":{"line":1,"column":47}},"1":{"start":{"line":2,"column":0},"end":{"line":2,"column":45}},"3":{"start":{"line":4,"column":0},"end":{"line":4,"column":46}},"4":{"start":{"line":5,"column":0},"end":{"line":5,"column":20}},"6":{"start":{"line":7,"column":0},"end":{"line":7,"column":32}},"7":{"start":{"line":8,"column":0},"end":{"line":8,"column":18}},"8":{"start":{"line":9,"column":0},"end":{"line":9,"column":45}},"9":{"start":{"line":10,"column":0},"end":{"line":10,"column":3}},"10":{"start":{"line":11,"column":0},"end":{"line":11,"column":1}}},"s":{"0":1,"1":1,"3":1,"4":3,"6":3,"7":3,"8":3,"9":3,"10":3},"branchMap":{"0":{"type":"branch","line":4,"loc":{"start":{"line":4,"column":45},"end":{"line":11,"column":1}},"locations":[{"start":{"line":4,"column":45},"end":{"line":11,"column":1}}]},"1":{"type":"branch","line":7,"loc":{"start":{"line":7,"column":2},"end":{"line":10,"column":3}},"locations":[{"start":{"line":7,"column":2},"end":{"line":10,"column":3}}]}},"b":{"0":[3],"1":[3]},"fnMap":{"0":{"name":"<instance_members_initializer>","decl":{"start":{"line":4,"column":45},"end":{"line":11,"column":1}},"loc":{"start":{"line":4,"column":45},"end":{"line":11,"column":1}},"line":4},"1":{"name":"BadRequestError","decl":{"start":{"line":7,"column":2},"end":{"line":10,"column":3}},"loc":{"start":{"line":7,"column":2},"end":{"line":10,"column":3}},"line":7}},"f":{"0":3,"1":3}}
,"/mnt/c/Users/Luka/Desktop/find-job-app/server/src/errors/custom-api.ts": {"path":"/mnt/c/Users/Luka/Desktop/find-job-app/server/src/errors/custom-api.ts","all":false,"statementMap":{"0":{"start":{"line":1,"column":0},"end":{"line":1,"column":36}},"1":{"start":{"line":2,"column":0},"end":{"line":2,"column":32}},"2":{"start":{"line":3,"column":0},"end":{"line":3,"column":18}},"3":{"start":{"line":4,"column":0},"end":{"line":4,"column":3}},"4":{"start":{"line":5,"column":0},"end":{"line":5,"column":1}}},"s":{"0":1,"1":1,"2":13,"3":13,"4":1},"branchMap":{"0":{"type":"branch","line":2,"loc":{"start":{"line":2,"column":2},"end":{"line":4,"column":3}},"locations":[{"start":{"line":2,"column":2},"end":{"line":4,"column":3}}]}},"b":{"0":[13]},"fnMap":{"0":{"name":"CustomAPIError","decl":{"start":{"line":2,"column":2},"end":{"line":4,"column":3}},"loc":{"start":{"line":2,"column":2},"end":{"line":4,"column":3}},"line":2}},"f":{"0":13}}
,"/mnt/c/Users/Luka/Desktop/find-job-app/server/src/errors/index.ts": {"path":"/mnt/c/Users/Luka/Desktop/find-job-app/server/src/errors/index.ts","all":false,"statementMap":{"0":{"start":{"line":1,"column":0},"end":{"line":1,"column":45}},"1":{"start":{"line":2,"column":0},"end":{"line":2,"column":56}},"2":{"start":{"line":3,"column":0},"end":{"line":3,"column":43}},"3":{"start":{"line":4,"column":0},"end":{"line":4,"column":47}}},"s":{"0":1,"1":1,"2":1,"3":1},"branchMap":{},"b":{},"fnMap":{},"f":{}}
,"/mnt/c/Users/Luka/Desktop/find-job-app/server/src/errors/not-found.ts": {"path":"/mnt/c/Users/Luka/Desktop/find-job-app/server/src/errors/not-found.ts","all":false,"statementMap":{"0":{"start":{"line":1,"column":0},"end":{"line":1,"column":47}},"1":{"start":{"line":2,"column":0},"end":{"line":2,"column":45}},"3":{"start":{"line":4,"column":0},"end":{"line":4,"column":44}},"4":{"start":{"line":5,"column":0},"end":{"line":5,"column":20}},"6":{"start":{"line":7,"column":0},"end":{"line":7,"column":32}},"7":{"start":{"line":8,"column":0},"end":{"line":8,"column":18}},"8":{"start":{"line":9,"column":0},"end":{"line":9,"column":43}},"9":{"start":{"line":10,"column":0},"end":{"line":10,"column":3}},"10":{"start":{"line":11,"column":0},"end":{"line":11,"column":1}}},"s":{"0":1,"1":1,"3":1,"4":3,"6":3,"7":3,"8":3,"9":3,"10":3},"branchMap":{"0":{"type":"branch","line":4,"loc":{"start":{"line":4,"column":43},"end":{"line":11,"column":1}},"locations":[{"start":{"line":4,"column":43},"end":{"line":11,"column":1}}]},"1":{"type":"branch","line":7,"loc":{"start":{"line":7,"column":2},"end":{"line":10,"column":3}},"locations":[{"start":{"line":7,"column":2},"end":{"line":10,"column":3}}]}},"b":{"0":[3],"1":[3]},"fnMap":{"0":{"name":"<instance_members_initializer>","decl":{"start":{"line":4,"column":43},"end":{"line":11,"column":1}},"loc":{"start":{"line":4,"column":43},"end":{"line":11,"column":1}},"line":4},"1":{"name":"NotFoundError","decl":{"start":{"line":7,"column":2},"end":{"line":10,"column":3}},"loc":{"start":{"line":7,"column":2},"end":{"line":10,"column":3}},"line":7}},"f":{"0":3,"1":3}}
,"/mnt/c/Users/Luka/Desktop/find-job-app/server/src/errors/unauthenticated.ts": {"path":"/mnt/c/Users/Luka/Desktop/find-job-app/server/src/errors/unauthenticated.ts","all":false,"statementMap":{"0":{"start":{"line":1,"column":0},"end":{"line":1,"column":47}},"1":{"start":{"line":2,"column":0},"end":{"line":2,"column":45}},"3":{"start":{"line":4,"column":0},"end":{"line":4,"column":51}},"4":{"start":{"line":5,"column":0},"end":{"line":5,"column":20}},"6":{"start":{"line":7,"column":0},"end":{"line":7,"column":32}},"7":{"start":{"line":8,"column":0},"end":{"line":8,"column":18}},"8":{"start":{"line":9,"column":0},"end":{"line":9,"column":46}},"9":{"start":{"line":10,"column":0},"end":{"line":10,"column":3}},"10":{"start":{"line":11,"column":0},"end":{"line":11,"column":1}}},"s":{"0":1,"1":1,"3":1,"4":5,"6":5,"7":5,"8":5,"9":5,"10":5},"branchMap":{"0":{"type":"branch","line":4,"loc":{"start":{"line":4,"column":50},"end":{"line":11,"column":1}},"locations":[{"start":{"line":4,"column":50},"end":{"line":11,"column":1}}]},"1":{"type":"branch","line":7,"loc":{"start":{"line":7,"column":2},"end":{"line":10,"column":3}},"locations":[{"start":{"line":7,"column":2},"end":{"line":10,"column":3}}]}},"b":{"0":[5],"1":[5]},"fnMap":{"0":{"name":"<instance_members_initializer>","decl":{"start":{"line":4,"column":50},"end":{"line":11,"column":1}},"loc":{"start":{"line":4,"column":50},"end":{"line":11,"column":1}},"line":4},"1":{"name":"UnauthenticatedError","decl":{"start":{"line":7,"column":2},"end":{"line":10,"column":3}},"loc":{"start":{"line":7,"column":2},"end":{"line":10,"column":3}},"line":7}},"f":{"0":5,"1":5}}
,"/mnt/c/Users/Luka/Desktop/find-job-app/server/src/errors/tests/bad-request.test.ts": {"path":"/mnt/c/Users/Luka/Desktop/find-job-app/server/src/errors/tests/bad-request.test.ts","all":false,"statementMap":{"0":{"start":{"line":1,"column":0},"end":{"line":1,"column":45}},"1":{"start":{"line":2,"column":0},"end":{"line":2,"column":48}},"2":{"start":{"line":3,"column":0},"end":{"line":3,"column":47}},"4":{"start":{"line":5,"column":0},"end":{"line":5,"column":35}},"5":{"start":{"line":6,"column":0},"end":{"line":6,"column":73}},"6":{"start":{"line":7,"column":0},"end":{"line":7,"column":48}},"7":{"start":{"line":8,"column":0},"end":{"line":8,"column":51}},"9":{"start":{"line":10,"column":0},"end":{"line":10,"column":49}},"10":{"start":{"line":11,"column":0},"end":{"line":11,"column":39}},"11":{"start":{"line":12,"column":0},"end":{"line":12,"column":44}},"12":{"start":{"line":13,"column":0},"end":{"line":13,"column":58}},"13":{"start":{"line":14,"column":0},"end":{"line":14,"column":4}},"15":{"start":{"line":16,"column":0},"end":{"line":16,"column":58}},"16":{"start":{"line":17,"column":0},"end":{"line":17,"column":60}},"17":{"start":{"line":18,"column":0},"end":{"line":18,"column":36}},"18":{"start":{"line":19,"column":0},"end":{"line":19,"column":4}},"19":{"start":{"line":20,"column":0},"end":{"line":20,"column":2}}},"s":{"0":1,"1":1,"2":1,"4":1,"5":1,"6":1,"7":1,"9":1,"10":1,"11":1,"12":1,"13":1,"15":1,"16":1,"17":1,"18":1,"19":1},"branchMap":{"0":{"type":"branch","line":5,"loc":{"start":{"line":5,"column":28},"end":{"line":20,"column":2}},"locations":[{"start":{"line":5,"column":28},"end":{"line":20,"column":2}}]},"1":{"type":"branch","line":6,"loc":{"start":{"line":6,"column":66},"end":{"line":14,"column":3}},"locations":[{"start":{"line":6,"column":66},"end":{"line":14,"column":3}}]},"2":{"type":"branch","line":16,"loc":{"start":{"line":16,"column":51},"end":{"line":19,"column":3}},"locations":[{"start":{"line":16,"column":51},"end":{"line":19,"column":3}}]}},"b":{"0":[1],"1":[1],"2":[1]},"fnMap":{},"f":{}}
,"/mnt/c/Users/Luka/Desktop/find-job-app/server/src/errors/tests/custom-api.test.ts": {"path":"/mnt/c/Users/Luka/Desktop/find-job-app/server/src/errors/tests/custom-api.test.ts","all":false,"statementMap":{"0":{"start":{"line":1,"column":0},"end":{"line":1,"column":45}},"1":{"start":{"line":2,"column":0},"end":{"line":2,"column":46}},"3":{"start":{"line":4,"column":0},"end":{"line":4,"column":34}},"4":{"start":{"line":5,"column":0},"end":{"line":5,"column":53}},"5":{"start":{"line":6,"column":0},"end":{"line":6,"column":53}},"6":{"start":{"line":7,"column":0},"end":{"line":7,"column":50}},"8":{"start":{"line":9,"column":0},"end":{"line":9,"column":48}},"9":{"start":{"line":10,"column":0},"end":{"line":10,"column":39}},"10":{"start":{"line":11,"column":0},"end":{"line":11,"column":44}},"11":{"start":{"line":12,"column":0},"end":{"line":12,"column":4}},"13":{"start":{"line":14,"column":0},"end":{"line":14,"column":58}},"14":{"start":{"line":15,"column":0},"end":{"line":15,"column":64}},"15":{"start":{"line":16,"column":0},"end":{"line":16,"column":36}},"16":{"start":{"line":17,"column":0},"end":{"line":17,"column":4}},"17":{"start":{"line":18,"column":0},"end":{"line":18,"column":2}}},"s":{"0":1,"1":1,"3":1,"4":1,"5":1,"6":1,"8":1,"9":1,"10":1,"11":1,"13":1,"14":1,"15":1,"16":1,"17":1},"branchMap":{"0":{"type":"branch","line":4,"loc":{"start":{"line":4,"column":27},"end":{"line":18,"column":2}},"locations":[{"start":{"line":4,"column":27},"end":{"line":18,"column":2}}]},"1":{"type":"branch","line":5,"loc":{"start":{"line":5,"column":46},"end":{"line":12,"column":3}},"locations":[{"start":{"line":5,"column":46},"end":{"line":12,"column":3}}]},"2":{"type":"branch","line":14,"loc":{"start":{"line":14,"column":51},"end":{"line":17,"column":3}},"locations":[{"start":{"line":14,"column":51},"end":{"line":17,"column":3}}]}},"b":{"0":[1],"1":[1],"2":[1]},"fnMap":{},"f":{}}
,"/mnt/c/Users/Luka/Desktop/find-job-app/server/src/errors/tests/not-found.test.ts": {"path":"/mnt/c/Users/Luka/Desktop/find-job-app/server/src/errors/tests/not-found.test.ts","all":false,"statementMap":{"0":{"start":{"line":1,"column":0},"end":{"line":1,"column":45}},"1":{"start":{"line":2,"column":0},"end":{"line":2,"column":47}},"2":{"start":{"line":3,"column":0},"end":{"line":3,"column":44}},"4":{"start":{"line":5,"column":0},"end":{"line":5,"column":33}},"5":{"start":{"line":6,"column":0},"end":{"line":6,"column":69}},"6":{"start":{"line":7,"column":0},"end":{"line":7,"column":45}},"7":{"start":{"line":8,"column":0},"end":{"line":8,"column":49}},"9":{"start":{"line":10,"column":0},"end":{"line":10,"column":47}},"10":{"start":{"line":11,"column":0},"end":{"line":11,"column":39}},"11":{"start":{"line":12,"column":0},"end":{"line":12,"column":52}},"12":{"start":{"line":13,"column":0},"end":{"line":13,"column":56}},"13":{"start":{"line":14,"column":0},"end":{"line":14,"column":4}},"15":{"start":{"line":16,"column":0},"end":{"line":16,"column":58}},"16":{"start":{"line":17,"column":0},"end":{"line":17,"column":62}},"17":{"start":{"line":18,"column":0},"end":{"line":18,"column":36}},"18":{"start":{"line":19,"column":0},"end":{"line":19,"column":4}},"19":{"start":{"line":20,"column":0},"end":{"line":20,"column":2}}},"s":{"0":1,"1":1,"2":1,"4":1,"5":1,"6":1,"7":1,"9":1,"10":1,"11":1,"12":1,"13":1,"15":1,"16":1,"17":1,"18":1,"19":1},"branchMap":{"0":{"type":"branch","line":5,"loc":{"start":{"line":5,"column":26},"end":{"line":20,"column":2}},"locations":[{"start":{"line":5,"column":26},"end":{"line":20,"column":2}}]},"1":{"type":"branch","line":6,"loc":{"start":{"line":6,"column":62},"end":{"line":14,"column":3}},"locations":[{"start":{"line":6,"column":62},"end":{"line":14,"column":3}}]},"2":{"type":"branch","line":16,"loc":{"start":{"line":16,"column":51},"end":{"line":19,"column":3}},"locations":[{"start":{"line":16,"column":51},"end":{"line":19,"column":3}}]}},"b":{"0":[1],"1":[1],"2":[1]},"fnMap":{},"f":{}}
,"/mnt/c/Users/Luka/Desktop/find-job-app/server/src/errors/tests/unauthenticated.test.ts": {"path":"/mnt/c/Users/Luka/Desktop/find-job-app/server/src/errors/tests/unauthenticated.test.ts","all":false,"statementMap":{"0":{"start":{"line":1,"column":0},"end":{"line":1,"column":45}},"1":{"start":{"line":2,"column":0},"end":{"line":2,"column":47}},"2":{"start":{"line":3,"column":0},"end":{"line":3,"column":57}},"4":{"start":{"line":5,"column":0},"end":{"line":5,"column":40}},"5":{"start":{"line":6,"column":0},"end":{"line":6,"column":69}},"6":{"start":{"line":7,"column":0},"end":{"line":7,"column":50}},"7":{"start":{"line":8,"column":0},"end":{"line":8,"column":56}},"9":{"start":{"line":10,"column":0},"end":{"line":10,"column":54}},"10":{"start":{"line":11,"column":0},"end":{"line":11,"column":39}},"11":{"start":{"line":12,"column":0},"end":{"line":12,"column":44}},"12":{"start":{"line":13,"column":0},"end":{"line":13,"column":59}},"13":{"start":{"line":14,"column":0},"end":{"line":14,"column":4}},"15":{"start":{"line":16,"column":0},"end":{"line":16,"column":58}},"16":{"start":{"line":17,"column":0},"end":{"line":17,"column":74}},"17":{"start":{"line":18,"column":0},"end":{"line":18,"column":36}},"18":{"start":{"line":19,"column":0},"end":{"line":19,"column":4}},"19":{"start":{"line":20,"column":0},"end":{"line":20,"column":2}}},"s":{"0":1,"1":1,"2":1,"4":1,"5":1,"6":1,"7":1,"9":1,"10":1,"11":1,"12":1,"13":1,"15":1,"16":1,"17":1,"18":1,"19":1},"branchMap":{"0":{"type":"branch","line":5,"loc":{"start":{"line":5,"column":33},"end":{"line":20,"column":2}},"locations":[{"start":{"line":5,"column":33},"end":{"line":20,"column":2}}]},"1":{"type":"branch","line":6,"loc":{"start":{"line":6,"column":62},"end":{"line":14,"column":3}},"locations":[{"start":{"line":6,"column":62},"end":{"line":14,"column":3}}]},"2":{"type":"branch","line":16,"loc":{"start":{"line":16,"column":51},"end":{"line":19,"column":3}},"locations":[{"start":{"line":16,"column":51},"end":{"line":19,"column":3}}]}},"b":{"0":[1],"1":[1],"2":[1]},"fnMap":{},"f":{}}
,"/mnt/c/Users/Luka/Desktop/find-job-app/server/src/middleware/authentication.ts": {"path":"/mnt/c/Users/Luka/Desktop/find-job-app/server/src/middleware/authentication.ts","all":false,"statementMap":{"0":{"start":{"line":1,"column":0},"end":{"line":1,"column":57}},"1":{"start":{"line":2,"column":0},"end":{"line":2,"column":30}},"2":{"start":{"line":3,"column":0},"end":{"line":3,"column":54}},"3":{"start":{"line":4,"column":0},"end":{"line":4,"column":22}},"5":{"start":{"line":6,"column":0},"end":{"line":6,"column":30}},"6":{"start":{"line":7,"column":0},"end":{"line":7,"column":15}},"7":{"start":{"line":8,"column":0},"end":{"line":8,"column":14}},"8":{"start":{"line":9,"column":0},"end":{"line":9,"column":20}},"9":{"start":{"line":10,"column":0},"end":{"line":10,"column":6}},"10":{"start":{"line":11,"column":0},"end":{"line":11,"column":46}},"12":{"start":{"line":13,"column":0},"end":{"line":13,"column":56}},"13":{"start":{"line":14,"column":0},"end":{"line":14,"column":60}},"14":{"start":{"line":15,"column":0},"end":{"line":15,"column":3}},"16":{"start":{"line":17,"column":0},"end":{"line":17,"column":40}},"18":{"start":{"line":19,"column":0},"end":{"line":19,"column":7}},"19":{"start":{"line":20,"column":0},"end":{"line":20,"column":80}},"20":{"start":{"line":21,"column":0},"end":{"line":21,"column":66}},"21":{"start":{"line":22,"column":0},"end":{"line":22,"column":51}},"22":{"start":{"line":23,"column":0},"end":{"line":23,"column":10}},"23":{"start":{"line":24,"column":0},"end":{"line":24,"column":19}},"24":{"start":{"line":25,"column":0},"end":{"line":25,"column":60}},"25":{"start":{"line":26,"column":0},"end":{"line":26,"column":3}},"26":{"start":{"line":27,"column":0},"end":{"line":27,"column":1}}},"s":{"0":1,"1":1,"2":1,"3":1,"5":1,"6":9,"7":9,"8":9,"9":9,"10":9,"12":9,"13":1,"14":1,"16":8,"18":8,"19":8,"20":8,"21":8,"22":8,"23":9,"24":1,"25":1,"26":9},"branchMap":{"0":{"type":"branch","line":6,"loc":{"start":{"line":6,"column":23},"end":{"line":27,"column":1}},"locations":[{"start":{"line":6,"column":23},"end":{"line":27,"column":1}}]},"1":{"type":"branch","line":13,"loc":{"start":{"line":13,"column":7},"end":{"line":13,"column":55}},"locations":[{"start":{"line":13,"column":7},"end":{"line":13,"column":55}}]},"2":{"type":"branch","line":13,"loc":{"start":{"line":13,"column":55},"end":{"line":15,"column":3}},"locations":[{"start":{"line":13,"column":55},"end":{"line":15,"column":3}}]},"3":{"type":"branch","line":15,"loc":{"start":{"line":15,"column":2},"end":{"line":24,"column":11}},"locations":[{"start":{"line":15,"column":2},"end":{"line":24,"column":11}}]},"4":{"type":"branch","line":24,"loc":{"start":{"line":24,"column":2},"end":{"line":26,"column":3}},"locations":[{"start":{"line":24,"column":2},"end":{"line":26,"column":3}}]}},"b":{"0":[9],"1":[8],"2":[1],"3":[8],"4":[1]},"fnMap":{"0":{"name":"authentication","decl":{"start":{"line":6,"column":23},"end":{"line":27,"column":1}},"loc":{"start":{"line":6,"column":23},"end":{"line":27,"column":1}},"line":6}},"f":{"0":9}}
,"/mnt/c/Users/Luka/Desktop/find-job-app/server/src/middleware/error-handler.ts": {"path":"/mnt/c/Users/Luka/Desktop/find-job-app/server/src/middleware/error-handler.ts","all":false,"statementMap":{"0":{"start":{"line":1,"column":0},"end":{"line":1,"column":57}},"1":{"start":{"line":2,"column":0},"end":{"line":2,"column":47}},"11":{"start":{"line":12,"column":0},"end":{"line":12,"column":32}},"12":{"start":{"line":13,"column":0},"end":{"line":13,"column":19}},"13":{"start":{"line":14,"column":0},"end":{"line":14,"column":15}},"14":{"start":{"line":15,"column":0},"end":{"line":15,"column":16}},"15":{"start":{"line":16,"column":0},"end":{"line":16,"column":20}},"16":{"start":{"line":17,"column":0},"end":{"line":17,"column":6}},"17":{"start":{"line":18,"column":0},"end":{"line":18,"column":21}},"18":{"start":{"line":19,"column":0},"end":{"line":19,"column":68}},"19":{"start":{"line":20,"column":0},"end":{"line":20,"column":63}},"20":{"start":{"line":21,"column":0},"end":{"line":21,"column":3}},"22":{"start":{"line":23,"column":0},"end":{"line":23,"column":39}},"23":{"start":{"line":24,"column":0},"end":{"line":24,"column":65}},"24":{"start":{"line":25,"column":0},"end":{"line":25,"column":18}},"25":{"start":{"line":26,"column":0},"end":{"line":26,"column":42}},"26":{"start":{"line":27,"column":0},"end":{"line":27,"column":32}},"27":{"start":{"line":28,"column":0},"end":{"line":28,"column":3}},"35":{"start":{"line":36,"column":0},"end":{"line":36,"column":39}},"36":{"start":{"line":37,"column":0},"end":{"line":37,"column":32}},"37":{"start":{"line":38,"column":0},"end":{"line":38,"column":33}},"38":{"start":{"line":39,"column":0},"end":{"line":39,"column":43}},"39":{"start":{"line":40,"column":0},"end":{"line":40,"column":21}},"40":{"start":{"line":41,"column":0},"end":{"line":41,"column":26}},"41":{"start":{"line":42,"column":0},"end":{"line":42,"column":32}},"42":{"start":{"line":43,"column":0},"end":{"line":43,"column":3}},"44":{"start":{"line":45,"column":0},"end":{"line":45,"column":33}},"45":{"start":{"line":46,"column":0},"end":{"line":46,"column":59}},"46":{"start":{"line":47,"column":0},"end":{"line":47,"column":32}},"47":{"start":{"line":48,"column":0},"end":{"line":48,"column":3}},"49":{"start":{"line":50,"column":0},"end":{"line":50,"column":74}},"50":{"start":{"line":51,"column":0},"end":{"line":51,"column":1}}},"s":{"0":1,"1":1,"11":1,"12":9,"13":9,"14":9,"15":9,"16":9,"17":9,"18":9,"19":9,"20":9,"22":9,"23":1,"24":1,"25":1,"26":1,"27":1,"35":9,"36":1,"37":1,"38":1,"39":1,"40":0,"41":1,"42":1,"44":9,"45":2,"46":2,"47":2,"49":9,"50":9},"branchMap":{"0":{"type":"branch","line":12,"loc":{"start":{"line":12,"column":31},"end":{"line":51,"column":1}},"locations":[{"start":{"line":12,"column":31},"end":{"line":51,"column":1}}]},"1":{"type":"branch","line":19,"loc":{"start":{"line":19,"column":20},"end":{"line":19,"column":68}},"locations":[{"start":{"line":19,"column":20},"end":{"line":19,"column":68}}]},"2":{"type":"branch","line":20,"loc":{"start":{"line":20,"column":13},"end":{"line":20,"column":63}},"locations":[{"start":{"line":20,"column":13},"end":{"line":20,"column":63}}]},"3":{"type":"branch","line":23,"loc":{"start":{"line":23,"column":10},"end":{"line":23,"column":38}},"locations":[{"start":{"line":23,"column":10},"end":{"line":23,"column":38}}]},"4":{"type":"branch","line":23,"loc":{"start":{"line":23,"column":38},"end":{"line":28,"column":3}},"locations":[{"start":{"line":23,"column":38},"end":{"line":28,"column":3}}]},"5":{"type":"branch","line":36,"loc":{"start":{"line":36,"column":38},"end":{"line":43,"column":3}},"locations":[{"start":{"line":36,"column":38},"end":{"line":43,"column":3}}]},"6":{"type":"branch","line":40,"loc":{"start":{"line":40,"column":20},"end":{"line":41,"column":26}},"locations":[{"start":{"line":40,"column":20},"end":{"line":41,"column":26}}]},"7":{"type":"branch","line":45,"loc":{"start":{"line":45,"column":32},"end":{"line":48,"column":3}},"locations":[{"start":{"line":45,"column":32},"end":{"line":48,"column":3}}]},"8":{"type":"branch","line":39,"loc":{"start":{"line":39,"column":15},"end":{"line":39,"column":42}},"locations":[{"start":{"line":39,"column":15},"end":{"line":39,"column":42}}]}},"b":{"0":[9],"1":[5],"2":[0],"3":[1],"4":[1],"5":[1],"6":[0],"7":[2],"8":[2]},"fnMap":{"0":{"name":"errorHandlerMiddleware","decl":{"start":{"line":12,"column":31},"end":{"line":51,"column":1}},"loc":{"start":{"line":12,"column":31},"end":{"line":51,"column":1}},"line":12}},"f":{"0":9}}
,"/mnt/c/Users/Luka/Desktop/find-job-app/server/src/middleware/index.ts": {"path":"/mnt/c/Users/Luka/Desktop/find-job-app/server/src/middleware/index.ts","all":false,"statementMap":{"0":{"start":{"line":1,"column":0},"end":{"line":1,"column":49}},"1":{"start":{"line":2,"column":0},"end":{"line":2,"column":56}},"2":{"start":{"line":3,"column":0},"end":{"line":3,"column":38}},"3":{"start":{"line":4,"column":0},"end":{"line":4,"column":37}}},"s":{"0":1,"1":1,"2":1,"3":1},"branchMap":{},"b":{},"fnMap":{},"f":{}}
,"/mnt/c/Users/Luka/Desktop/find-job-app/server/src/middleware/not-found.ts": {"path":"/mnt/c/Users/Luka/Desktop/find-job-app/server/src/middleware/not-found.ts","all":false,"statementMap":{"2":{"start":{"line":3,"column":0},"end":{"line":3,"column":49}},"3":{"start":{"line":4,"column":0},"end":{"line":4,"column":46}}},"s":{"2":1,"3":0},"branchMap":{},"b":{},"fnMap":{"0":{"name":"notFound","decl":{"start":{"line":3,"column":17},"end":{"line":4,"column":46}},"loc":{"start":{"line":3,"column":17},"end":{"line":4,"column":46}},"line":3}},"f":{"0":0}}
,"/mnt/c/Users/Luka/Desktop/find-job-app/server/src/middleware/testUser.ts": {"path":"/mnt/c/Users/Luka/Desktop/find-job-app/server/src/middleware/testUser.ts","all":false,"statementMap":{"0":{"start":{"line":1,"column":0},"end":{"line":1,"column":57}},"1":{"start":{"line":2,"column":0},"end":{"line":2,"column":52}},"3":{"start":{"line":4,"column":0},"end":{"line":4,"column":71}},"4":{"start":{"line":5,"column":0},"end":{"line":5,"column":27}},"5":{"start":{"line":6,"column":0},"end":{"line":6,"column":53}},"6":{"start":{"line":7,"column":0},"end":{"line":7,"column":3}},"7":{"start":{"line":8,"column":0},"end":{"line":8,"column":8}},"8":{"start":{"line":9,"column":0},"end":{"line":9,"column":1}}},"s":{"0":1,"1":1,"3":1,"4":4,"5":1,"6":1,"7":3,"8":3},"branchMap":{"0":{"type":"branch","line":4,"loc":{"start":{"line":4,"column":17},"end":{"line":9,"column":1}},"locations":[{"start":{"line":4,"column":17},"end":{"line":9,"column":1}}]},"1":{"type":"branch","line":5,"loc":{"start":{"line":5,"column":26},"end":{"line":9,"column":1}},"locations":[{"start":{"line":5,"column":26},"end":{"line":9,"column":1}}]},"2":{"type":"branch","line":5,"loc":{"start":{"line":5,"column":26},"end":{"line":7,"column":3}},"locations":[{"start":{"line":5,"column":26},"end":{"line":7,"column":3}}]}},"b":{"0":[4],"1":[3],"2":[1]},"fnMap":{"0":{"name":"testUser","decl":{"start":{"line":4,"column":17},"end":{"line":9,"column":1}},"loc":{"start":{"line":4,"column":17},"end":{"line":9,"column":1}},"line":4}},"f":{"0":4}}
,"/mnt/c/Users/Luka/Desktop/find-job-app/server/src/middleware/tests/authentication.test.ts": {"path":"/mnt/c/Users/Luka/Desktop/find-job-app/server/src/middleware/tests/authentication.test.ts","all":false,"statementMap":{"0":{"start":{"line":1,"column":0},"end":{"line":1,"column":31}},"1":{"start":{"line":2,"column":0},"end":{"line":2,"column":45}},"2":{"start":{"line":3,"column":0},"end":{"line":3,"column":30}},"3":{"start":{"line":4,"column":0},"end":{"line":4,"column":27}},"4":{"start":{"line":5,"column":0},"end":{"line":5,"column":22}},"6":{"start":{"line":7,"column":0},"end":{"line":7,"column":44}},"7":{"start":{"line":8,"column":0},"end":{"line":8,"column":51}},"8":{"start":{"line":9,"column":0},"end":{"line":9,"column":1}},"10":{"start":{"line":11,"column":0},"end":{"line":11,"column":45}},"11":{"start":{"line":12,"column":0},"end":{"line":12,"column":63}},"12":{"start":{"line":13,"column":0},"end":{"line":13,"column":79}},"13":{"start":{"line":14,"column":0},"end":{"line":14,"column":39}},"14":{"start":{"line":15,"column":0},"end":{"line":15,"column":55}},"15":{"start":{"line":16,"column":0},"end":{"line":16,"column":4}},"17":{"start":{"line":18,"column":0},"end":{"line":18,"column":59}},"18":{"start":{"line":19,"column":0},"end":{"line":19,"column":34}},"19":{"start":{"line":20,"column":0},"end":{"line":20,"column":26}},"20":{"start":{"line":21,"column":0},"end":{"line":21,"column":50}},"21":{"start":{"line":22,"column":0},"end":{"line":22,"column":39}},"22":{"start":{"line":23,"column":0},"end":{"line":23,"column":55}},"23":{"start":{"line":24,"column":0},"end":{"line":24,"column":4}},"25":{"start":{"line":26,"column":0},"end":{"line":26,"column":51}},"26":{"start":{"line":27,"column":0},"end":{"line":27,"column":58}},"27":{"start":{"line":28,"column":0},"end":{"line":28,"column":34}},"28":{"start":{"line":29,"column":0},"end":{"line":29,"column":26}},"29":{"start":{"line":30,"column":0},"end":{"line":30,"column":46}},"30":{"start":{"line":31,"column":0},"end":{"line":31,"column":43}},"31":{"start":{"line":32,"column":0},"end":{"line":32,"column":72}},"32":{"start":{"line":33,"column":0},"end":{"line":33,"column":4}},"33":{"start":{"line":34,"column":0},"end":{"line":34,"column":2}}},"s":{"0":1,"1":1,"2":1,"3":1,"4":1,"6":1,"7":1,"8":1,"10":1,"11":1,"12":1,"13":1,"14":1,"15":1,"17":1,"18":1,"19":1,"20":1,"21":1,"22":1,"23":1,"25":1,"26":1,"27":1,"28":1,"29":1,"30":1,"31":1,"32":1,"33":1},"branchMap":{"0":{"type":"branch","line":7,"loc":{"start":{"line":7,"column":22},"end":{"line":9,"column":1}},"locations":[{"start":{"line":7,"column":22},"end":{"line":9,"column":1}}]},"1":{"type":"branch","line":11,"loc":{"start":{"line":11,"column":38},"end":{"line":34,"column":2}},"locations":[{"start":{"line":11,"column":38},"end":{"line":34,"column":2}}]},"2":{"type":"branch","line":12,"loc":{"start":{"line":12,"column":50},"end":{"line":16,"column":3}},"locations":[{"start":{"line":12,"column":50},"end":{"line":16,"column":3}}]},"3":{"type":"branch","line":18,"loc":{"start":{"line":18,"column":46},"end":{"line":24,"column":3}},"locations":[{"start":{"line":18,"column":46},"end":{"line":24,"column":3}}]},"4":{"type":"branch","line":26,"loc":{"start":{"line":26,"column":38},"end":{"line":33,"column":3}},"locations":[{"start":{"line":26,"column":38},"end":{"line":33,"column":3}}]}},"b":{"0":[1],"1":[1],"2":[1],"3":[1],"4":[1]},"fnMap":{"0":{"name":"generateToken","decl":{"start":{"line":7,"column":22},"end":{"line":9,"column":1}},"loc":{"start":{"line":7,"column":22},"end":{"line":9,"column":1}},"line":7}},"f":{"0":1}}
[...]
7":1,"28":1,"29":1,"30":1,"31":1,"33":1,"34":1,"35":1,"36":1,"38":1,"39":1,"40":1,"42":1,"44":1,"45":1,"46":1,"47":1,"48":1,"50":1,"51":1,"52":1,"53":1,"54":1,"55":1,"56":1,"58":1,"59":1,"60":1,"62":1,"64":1,"65":1,"66":1,"67":1,"68":1,"70":1,"71":1,"72":1,"73":1,"75":1,"76":1,"77":1,"79":1,"81":1,"82":1,"83":1,"84":1,"85":1,"86":1},"branchMap":{"0":{"type":"branch","line":7,"loc":{"start":{"line":7,"column":20},"end":{"line":7,"column":41}},"locations":[{"start":{"line":7,"column":20},"end":{"line":7,"column":41}}]},"1":{"type":"branch","line":8,"loc":{"start":{"line":8,"column":21},"end":{"line":13,"column":1}},"locations":[{"start":{"line":8,"column":21},"end":{"line":13,"column":1}}]},"2":{"type":"branch","line":14,"loc":{"start":{"line":14,"column":17},"end":{"line":14,"column":43}},"locations":[{"start":{"line":14,"column":17},"end":{"line":14,"column":43}}]},"3":{"type":"branch","line":16,"loc":{"start":{"line":16,"column":35},"end":{"line":87,"column":2}},"locations":[{"start":{"line":16,"column":35},"end":{"line":87,"column":2}}]},"4":{"type":"branch","line":17,"loc":{"start":{"line":17,"column":38},"end":{"line":32,"column":3}},"locations":[{"start":{"line":17,"column":38},"end":{"line":32,"column":3}}]},"5":{"type":"branch","line":34,"loc":{"start":{"line":34,"column":55},"end":{"line":49,"column":3}},"locations":[{"start":{"line":34,"column":55},"end":{"line":49,"column":3}}]},"6":{"type":"branch","line":51,"loc":{"start":{"line":51,"column":40},"end":{"line":69,"column":3}},"locations":[{"start":{"line":51,"column":40},"end":{"line":69,"column":3}}]},"7":{"type":"branch","line":71,"loc":{"start":{"line":71,"column":32},"end":{"line":86,"column":3}},"locations":[{"start":{"line":71,"column":32},"end":{"line":86,"column":3}}]}},"b":{"0":[4],"1":[4],"2":[4],"3":[1],"4":[1],"5":[1],"6":[1],"7":[1]},"fnMap":{"0":{"name":"mockRequest","decl":{"start":{"line":7,"column":20},"end":{"line":7,"column":41}},"loc":{"start":{"line":7,"column":20},"end":{"line":7,"column":41}},"line":7},"1":{"name":"mockResponse","decl":{"start":{"line":8,"column":21},"end":{"line":13,"column":1}},"loc":{"start":{"line":8,"column":21},"end":{"line":13,"column":1}},"line":8},"2":{"name":"mockNext","decl":{"start":{"line":14,"column":17},"end":{"line":14,"column":43}},"loc":{"start":{"line":14,"column":17},"end":{"line":14,"column":43}},"line":14}},"f":{"0":4,"1":4,"2":4}}
,"/mnt/c/Users/Luka/Desktop/find-job-app/server/src/middleware/tests/not-found.ts": {"path":"/mnt/c/Users/Luka/Desktop/find-job-app/server/src/middleware/tests/not-found.ts","all":true,"statementMap":{"0":{"start":{"line":1,"column":0},"end":{"line":1,"column":49}},"2":{"start":{"line":3,"column":0},"end":{"line":3,"column":39}},"4":{"start":{"line":5,"column":0},"end":{"line":5,"column":41}},"6":{"start":{"line":7,"column":0},"end":{"line":7,"column":28}},"7":{"start":{"line":8,"column":0},"end":{"line":8,"column":28}},"8":{"start":{"line":9,"column":0},"end":{"line":9,"column":43}},"9":{"start":{"line":10,"column":0},"end":{"line":10,"column":41}},"10":{"start":{"line":11,"column":0},"end":{"line":11,"column":12}},"11":{"start":{"line":12,"column":0},"end":{"line":12,"column":1}},"13":{"start":{"line":14,"column":0},"end":{"line":14,"column":39}},"14":{"start":{"line":15,"column":0},"end":{"line":15,"column":69}},"15":{"start":{"line":16,"column":0},"end":{"line":16,"column":29}},"16":{"start":{"line":17,"column":0},"end":{"line":17,"column":30}},"18":{"start":{"line":19,"column":0},"end":{"line":19,"column":22}},"20":{"start":{"line":21,"column":0},"end":{"line":21,"column":48}},"21":{"start":{"line":22,"column":0},"end":{"line":22,"column":65}},"22":{"start":{"line":23,"column":0},"end":{"line":23,"column":4}},"23":{"start":{"line":24,"column":0},"end":{"line":24,"column":2}}},"s":{"0":0,"2":0,"4":0,"6":0,"7":0,"8":0,"9":0,"10":0,"11":0,"13":0,"14":0,"15":0,"16":0,"18":0,"20":0,"21":0,"22":0,"23":0},"branchMap":{"0":{"type":"branch","line":1,"loc":{"start":{"line":1,"column":0},"end":{"line":24,"column":-166}},"locations":[{"start":{"line":1,"column":0},"end":{"line":24,"column":-166}}]}},"b":{"0":[0]},"fnMap":{"0":{"name":"(empty-report)","decl":{"start":{"line":1,"column":0},"end":{"line":24,"column":-166}},"loc":{"start":{"line":1,"column":0},"end":{"line":24,"column":-166}},"line":1}},"f":{"0":0}}
,"/mnt/c/Users/Luka/Desktop/find-job-app/server/src/middleware/tests/testUser.test.ts": {"path":"/mnt/c/Users/Luka/Desktop/find-job-app/server/src/middleware/tests/testUser.test.ts","all":false,"statementMap":{"0":{"start":{"line":1,"column":0},"end":{"line":1,"column":49}},"2":{"start":{"line":3,"column":0},"end":{"line":3,"column":55}},"3":{"start":{"line":4,"column":0},"end":{"line":4,"column":35}},"18":{"start":{"line":19,"column":0},"end":{"line":19,"column":34}},"19":{"start":{"line":20,"column":0},"end":{"line":20,"column":4}},"20":{"start":{"line":21,"column":0},"end":{"line":21,"column":15}},"21":{"start":{"line":22,"column":0},"end":{"line":22,"column":35}},"23":{"start":{"line":24,"column":0},"end":{"line":24,"column":64}},"25":{"start":{"line":26,"column":0},"end":{"line":26,"column":46}},"27":{"start":{"line":28,"column":0},"end":{"line":28,"column":39}},"28":{"start":{"line":29,"column":0},"end":{"line":29,"column":73}},"29":{"start":{"line":30,"column":0},"end":{"line":30,"column":47}},"30":{"start":{"line":31,"column":0},"end":{"line":31,"column":30}},"31":{"start":{"line":32,"column":0},"end":{"line":32,"column":27}},"34":{"start":{"line":35,"column":0},"end":{"line":35,"column":9}},"35":{"start":{"line":36,"column":0},"end":{"line":36,"column":30}},"36":{"start":{"line":37,"column":0},"end":{"line":37,"column":21}},"37":{"start":{"line":38,"column":0},"end":{"line":38,"column":51}},"38":{"start":{"line":39,"column":0},"end":{"line":39,"column":69}},"39":{"start":{"line":40,"column":0},"end":{"line":40,"column":53}},"40":{"start":{"line":41,"column":0},"end":{"line":41,"column":5}},"41":{"start":{"line":42,"column":0},"end":{"line":42,"column":4}},"43":{"start":{"line":44,"column":0},"end":{"line":44,"column":64}},"44":{"start":{"line":45,"column":0},"end":{"line":45,"column":48}},"45":{"start":{"line":46,"column":0},"end":{"line":46,"column":30}},"46":{"start":{"line":47,"column":0},"end":{"line":47,"column":27}},"48":{"start":{"line":49,"column":0},"end":{"line":49,"column":28}},"50":{"start":{"line":51,"column":0},"end":{"line":51,"column":35}},"51":{"start":{"line":52,"column":0},"end":{"line":52,"column":4}},"52":{"start":{"line":53,"column":0},"end":{"line":53,"column":2}}},"s":{"0":1,"2":1,"3":1,"18":1,"19":2,"20":2,"21":2,"23":1,"25":1,"27":1,"28":1,"29":1,"30":1,"31":1,"34":1,"35":1,"36":1,"37":1,"38":1,"39":1,"40":1,"41":1,"43":1,"44":1,"45":1,"46":1,"48":1,"50":1,"51":1,"52":1},"branchMap":{"0":{"type":"branch","line":19,"loc":{"start":{"line":19,"column":20},"end":{"line":22,"column":35}},"locations":[{"start":{"line":19,"column":20},"end":{"line":22,"column":35}}]},"1":{"type":"branch","line":24,"loc":{"start":{"line":24,"column":21},"end":{"line":24,"column":64}},"locations":[{"start":{"line":24,"column":21},"end":{"line":24,"column":64}}]},"2":{"type":"branch","line":26,"loc":{"start":{"line":26,"column":17},"end":{"line":26,"column":46}},"locations":[{"start":{"line":26,"column":17},"end":{"line":26,"column":46}}]},"3":{"type":"branch","line":28,"loc":{"start":{"line":28,"column":32},"end":{"line":53,"column":2}},"locations":[{"start":{"line":28,"column":32},"end":{"line":53,"column":2}}]},"4":{"type":"branch","line":29,"loc":{"start":{"line":29,"column":66},"end":{"line":42,"column":3}},"locations":[{"start":{"line":29,"column":66},"end":{"line":42,"column":3}}]},"5":{"type":"branch","line":44,"loc":{"start":{"line":44,"column":57},"end":{"line":52,"column":3}},"locations":[{"start":{"line":44,"column":57},"end":{"line":52,"column":3}}]}},"b":{"0":[2],"1":[2],"2":[2],"3":[1],"4":[1],"5":[1]},"fnMap":{"0":{"name":"mockRequest","decl":{"start":{"line":19,"column":20},"end":{"line":22,"column":35}},"loc":{"start":{"line":19,"column":20},"end":{"line":22,"column":35}},"line":19},"1":{"name":"mockResponse","decl":{"start":{"line":24,"column":21},"end":{"line":24,"column":64}},"loc":{"start":{"line":24,"column":21},"end":{"line":24,"column":64}},"line":24},"2":{"name":"mockNext","decl":{"start":{"line":26,"column":17},"end":{"line":26,"column":46}},"loc":{"start":{"line":26,"column":17},"end":{"line":26,"column":46}},"line":26}},"f":{"0":2,"1":2,"2":2}}
,"/mnt/c/Users/Luka/Desktop/find-job-app/server/src/models/Job.ts": {"path":"/mnt/c/Users/Luka/Desktop/find-job-app/server/src/models/Job.ts","all":false,"statementMap":{"0":{"start":{"line":1,"column":0},"end":{"line":1,"column":60}},"13":{"start":{"line":14,"column":0},"end":{"line":14,"column":52}},"14":{"start":{"line":15,"column":0},"end":{"line":15,"column":3}},"15":{"start":{"line":16,"column":0},"end":{"line":16,"column":14}},"16":{"start":{"line":17,"column":0},"end":{"line":17,"column":19}},"17":{"start":{"line":18,"column":0},"end":{"line":18,"column":54}},"18":{"start":{"line":19,"column":0},"end":{"line":19,"column":20}},"19":{"start":{"line":20,"column":0},"end":{"line":20,"column":6}},"20":{"start":{"line":21,"column":0},"end":{"line":21,"column":15}},"21":{"start":{"line":22,"column":0},"end":{"line":22,"column":19}},"22":{"start":{"line":23,"column":0},"end":{"line":23,"column":55}},"23":{"start":{"line":24,"column":0},"end":{"line":24,"column":21}},"24":{"start":{"line":25,"column":0},"end":{"line":25,"column":6}},"25":{"start":{"line":26,"column":0},"end":{"line":26,"column":13}},"26":{"start":{"line":27,"column":0},"end":{"line":27,"column":19}},"27":{"start":{"line":28,"column":0},"end":{"line":28,"column":49}},"28":{"start":{"line":29,"column":0},"end":{"line":29,"column":25}},"29":{"start":{"line":30,"column":0},"end":{"line":30,"column":6}},"30":{"start":{"line":31,"column":0},"end":{"line":31,"column":16}},"31":{"start":{"line":32,"column":0},"end":{"line":32,"column":36}},"32":{"start":{"line":33,"column":0},"end":{"line":33,"column":18}},"33":{"start":{"line":34,"column":0},"end":{"line":34,"column":46}},"34":{"start":{"line":35,"column":0},"end":{"line":35,"column":6}},"35":{"start":{"line":36,"column":0},"end":{"line":36,"column":14}},"36":{"start":{"line":37,"column":0},"end":{"line":37,"column":19}},"37":{"start":{"line":38,"column":0},"end":{"line":38,"column":63}},"38":{"start":{"line":39,"column":0},"end":{"line":39,"column":27}},"39":{"start":{"line":40,"column":0},"end":{"line":40,"column":6}},"40":{"start":{"line":41,"column":0},"end":{"line":41,"column":18}},"41":{"start":{"line":42,"column":0},"end":{"line":42,"column":19}},"42":{"start":{"line":43,"column":0},"end":{"line":43,"column":25}},"43":{"start":{"line":44,"column":0},"end":{"line":44,"column":21}},"44":{"start":{"line":45,"column":0},"end":{"line":45,"column":6}},"45":{"start":{"line":46,"column":0},"end":{"line":46,"column":4}},"46":{"start":{"line":47,"column":0},"end":{"line":47,"column":22}},"47":{"start":{"line":48,"column":0},"end":{"line":48,"column":1}},"49":{"start":{"line":50,"column":0},"end":{"line":50,"column":57}},"50":{"start":{"line":51,"column":0},"end":{"line":51,"column":18}}},"s":{"0":1,"13":1,"14":1,"15":1,"16":1,"17":1,"18":1,"19":1,"20":1,"21":1,"22":1,"23":1,"24":1,"25":1,"26":1,"27":1,"28":1,"29":1,"30":1,"31":1,"32":1,"33":1,"34":1,"35":1,"36":1,"37":1,"38":1,"39":1,"40":1,"41":1,"42":1,"43":1,"44":1,"45":1,"46":1,"47":1,"49":1,"50":1},"branchMap":{},"b":{},"fnMap":{},"f":{}}
,"/mnt/c/Users/Luka/Desktop/find-job-app/server/src/models/User.ts": {"path":"/mnt/c/Users/Luka/Desktop/find-job-app/server/src/models/User.ts","all":false,"statementMap":{"0":{"start":{"line":1,"column":0},"end":{"line":1,"column":60}},"1":{"start":{"line":2,"column":0},"end":{"line":2,"column":27}},"2":{"start":{"line":3,"column":0},"end":{"line":3,"column":30}},"3":{"start":{"line":4,"column":0},"end":{"line":4,"column":22}},"5":{"start":{"line":6,"column":0},"end":{"line":6,"column":51}},"17":{"start":{"line":18,"column":0},"end":{"line":18,"column":55}},"18":{"start":{"line":19,"column":0},"end":{"line":19,"column":9}},"19":{"start":{"line":20,"column":0},"end":{"line":20,"column":17}},"20":{"start":{"line":21,"column":0},"end":{"line":21,"column":44}},"21":{"start":{"line":22,"column":0},"end":{"line":22,"column":18}},"22":{"start":{"line":23,"column":0},"end":{"line":23,"column":17}},"23":{"start":{"line":24,"column":0},"end":{"line":24,"column":4}},"24":{"start":{"line":25,"column":0},"end":{"line":25,"column":10}},"25":{"start":{"line":26,"column":0},"end":{"line":26,"column":17}},"26":{"start":{"line":27,"column":0},"end":{"line":27,"column":45}},"27":{"start":{"line":28,"column":0},"end":{"line":28,"column":12}},"28":{"start":{"line":29,"column":0},"end":{"line":29,"column":158}},"29":{"start":{"line":30,"column":0},"end":{"line":30,"column":37}},"30":{"start":{"line":31,"column":0},"end":{"line":31,"column":6}},"31":{"start":{"line":32,"column":0},"end":{"line":32,"column":17}},"32":{"start":{"line":33,"column":0},"end":{"line":33,"column":4}},"33":{"start":{"line":34,"column":0},"end":{"line":34,"column":13}},"34":{"start":{"line":35,"column":0},"end":{"line":35,"column":17}},"35":{"start":{"line":36,"column":0},"end":{"line":36,"column":48}},"36":{"start":{"line":37,"column":0},"end":{"line":37,"column":17}},"37":{"start":{"line":38,"column":0},"end":{"line":38,"column":4}},"38":{"start":{"line":39,"column":0},"end":{"line":39,"column":13}},"39":{"start":{"line":40,"column":0},"end":{"line":40,"column":17}},"40":{"start":{"line":41,"column":0},"end":{"line":41,"column":15}},"41":{"start":{"line":42,"column":0},"end":{"line":42,"column":18}},"42":{"start":{"line":43,"column":0},"end":{"line":43,"column":24}},"43":{"start":{"line":44,"column":0},"end":{"line":44,"column":4}},"44":{"start":{"line":45,"column":0},"end":{"line":45,"column":13}},"45":{"start":{"line":46,"column":0},"end":{"line":46,"column":17}},"46":{"start":{"line":47,"column":0},"end":{"line":47,"column":15}},"47":{"start":{"line":48,"column":0},"end":{"line":48,"column":18}},"48":{"start":{"line":49,"column":0},"end":{"line":49,"column":23}},"49":{"start":{"line":50,"column":0},"end":{"line":50,"column":4}},"50":{"start":{"line":51,"column":0},"end":{"line":51,"column":2}},"52":{"start":{"line":53,"column":0},"end":{"line":53,"column":42}},"53":{"start":{"line":54,"column":0},"end":{"line":54,"column":42}},"54":{"start":{"line":55,"column":0},"end":{"line":55,"column":54}},"55":{"start":{"line":56,"column":0},"end":{"line":56,"column":2}},"57":{"start":{"line":58,"column":0},"end":{"line":58,"column":44}},"58":{"start":{"line":59,"column":0},"end":{"line":59,"column":70}},"59":{"start":{"line":60,"column":0},"end":{"line":60,"column":21}},"60":{"start":{"line":61,"column":0},"end":{"line":61,"column":4}},"61":{"start":{"line":62,"column":0},"end":{"line":62,"column":1}},"63":{"start":{"line":64,"column":0},"end":{"line":64,"column":73}},"64":{"start":{"line":65,"column":0},"end":{"line":65,"column":72}},"65":{"start":{"line":66,"column":0},"end":{"line":66,"column":16}},"66":{"start":{"line":67,"column":0},"end":{"line":67,"column":1}},"68":{"start":{"line":69,"column":0},"end":{"line":69,"column":47}},"70":{"start":{"line":71,"column":0},"end":{"line":71,"column":19}}},"s":{"0":1,"1":1,"2":1,"3":1,"5":1,"17":1,"18":1,"19":1,"20":1,"21":1,"22":1,"23":1,"24":1,"25":1,"26":1,"27":1,"28":1,"29":1,"30":1,"31":1,"32":1,"33":1,"34":1,"35":1,"36":1,"37":1,"38":1,"39":1,"40":1,"41":1,"42":1,"43":1,"44":1,"45":1,"46":1,"47":1,"48":1,"49":1,"50":1,"52":1,"53":0,"54":0,"55":0,"57":1,"58":0,"59":0,"60":0,"61":0,"63":1,"64":0,"65":0,"66":0,"68":1,"70":1},"branchMap":{},"b":{},"fnMap":{"0":{"name":"UserSchema.methods.createJWT","decl":{"start":{"line":58,"column":31},"end":{"line":62,"column":1}},"loc":{"start":{"line":58,"column":31},"end":{"line":62,"column":1}},"line":58},"1":{"name":"UserSchema.methods.comparePassword","decl":{"start":{"line":64,"column":37},"end":{"line":67,"column":1}},"loc":{"start":{"line":64,"column":37},"end":{"line":67,"column":1}},"line":64}},"f":{"0":0,"1":0}}
,"/mnt/c/Users/Luka/Desktop/find-job-app/server/src/routes/auth.ts": {"path":"/mnt/c/Users/Luka/Desktop/find-job-app/server/src/routes/auth.ts","all":false,"statementMap":{"0":{"start":{"line":1,"column":0},"end":{"line":1,"column":29}},"1":{"start":{"line":2,"column":0},"end":{"line":2,"column":68}},"2":{"start":{"line":3,"column":0},"end":{"line":3,"column":81}},"3":{"start":{"line":4,"column":0},"end":{"line":4,"column":46}},"5":{"start":{"line":6,"column":0},"end":{"line":6,"column":31}},"7":{"start":{"line":8,"column":0},"end":{"line":8,"column":34}},"8":{"start":{"line":9,"column":0},"end":{"line":9,"column":28}},"9":{"start":{"line":10,"column":0},"end":{"line":10,"column":67}},"11":{"start":{"line":12,"column":0},"end":{"line":12,"column":21}}},"s":{"0":1,"1":1,"2":1,"3":1,"5":1,"7":1,"8":1,"9":1,"11":1},"branchMap":{},"b":{},"fnMap":{},"f":{}}
,"/mnt/c/Users/Luka/Desktop/find-job-app/server/src/routes/jobs.ts": {"path":"/mnt/c/Users/Luka/Desktop/find-job-app/server/src/routes/jobs.ts","all":false,"statementMap":{"0":{"start":{"line":1,"column":0},"end":{"line":1,"column":29}},"1":{"start":{"line":2,"column":0},"end":{"line":2,"column":49}},"10":{"start":{"line":11,"column":0},"end":{"line":11,"column":28}},"12":{"start":{"line":13,"column":0},"end":{"line":13,"column":31}},"14":{"start":{"line":15,"column":0},"end":{"line":15,"column":59}},"15":{"start":{"line":16,"column":0},"end":{"line":16,"column":37}},"17":{"start":{"line":18,"column":0},"end":{"line":18,"column":6}},"18":{"start":{"line":19,"column":0},"end":{"line":19,"column":16}},"19":{"start":{"line":20,"column":0},"end":{"line":20,"column":14}},"20":{"start":{"line":21,"column":0},"end":{"line":21,"column":30}},"21":{"start":{"line":22,"column":0},"end":{"line":22,"column":29}},"23":{"start":{"line":24,"column":0},"end":{"line":24,"column":21}}},"s":{"0":1,"1":1,"10":1,"12":1,"14":1,"15":1,"17":1,"18":1,"19":1,"20":1,"21":1,"23":1},"branchMap":{},"b":{},"fnMap":{},"f":{}}
,"/mnt/c/Users/Luka/Desktop/find-job-app/server/src/tests/app.test.ts": {"path":"/mnt/c/Users/Luka/Desktop/find-job-app/server/src/tests/app.test.ts","all":false,"statementMap":{"0":{"start":{"line":1,"column":0},"end":{"line":1,"column":31}},"1":{"start":{"line":2,"column":0},"end":{"line":2,"column":45}},"2":{"start":{"line":3,"column":0},"end":{"line":3,"column":24}},"4":{"start":{"line":5,"column":0},"end":{"line":5,"column":25}},"5":{"start":{"line":6,"column":0},"end":{"line":6,"column":42}},"6":{"start":{"line":7,"column":0},"end":{"line":7,"column":43}},"7":{"start":{"line":8,"column":0},"end":{"line":8,"column":39}},"8":{"start":{"line":9,"column":0},"end":{"line":9,"column":4}},"9":{"start":{"line":10,"column":0},"end":{"line":10,"column":2}}},"s":{"0":1,"1":1,"2":1,"4":1,"5":1,"6":1,"7":1,"8":1,"9":1},"branchMap":{"0":{"type":"branch","line":5,"loc":{"start":{"line":5,"column":18},"end":{"line":10,"column":2}},"locations":[{"start":{"line":5,"column":18},"end":{"line":10,"column":2}}]},"1":{"type":"branch","line":6,"loc":{"start":{"line":6,"column":29},"end":{"line":9,"column":3}},"locations":[{"start":{"line":6,"column":29},"end":{"line":9,"column":3}}]}},"b":{"0":[1],"1":[1]},"fnMap":{},"f":{}}
,"/mnt/c/Users/Luka/Desktop/find-job-app/server/src/types/express/index.d.ts": {"path":"/mnt/c/Users/Luka/Desktop/find-job-app/server/src/types/express/index.d.ts","all":true,"statementMap":{},"s":{},"branchMap":{"0":{"type":"branch","line":1,"loc":{"start":{"line":1,"column":264},"end":{"line":17,"column":1}},"locations":[{"start":{"line":1,"column":264},"end":{"line":17,"column":1}}]}},"b":{"0":[1]},"fnMap":{"0":{"name":"(empty-report)","decl":{"start":{"line":1,"column":264},"end":{"line":17,"column":1}},"loc":{"start":{"line":1,"column":264},"end":{"line":17,"column":1}},"line":1}},"f":{"0":1}}
}
